This file contains any messages produced by compilers while
running configure, to aid debugging if configure makes a mistake.

It was created by GnuCOBOL configure 2.0, which was
generated by GNU Autoconf 2.69.  Invocation command line was

  $ ./configure 

## --------- ##
## Platform. ##
## --------- ##

hostname = mac-mini.domain
uname -m = x86_64
uname -r = 12.6.0
uname -s = Darwin
uname -v = Darwin Kernel Version 12.6.0: Wed Mar 18 16:23:48 PDT 2015; root:xnu-2050.48.19~1/RELEASE_X86_64

/usr/bin/uname -p = i386
/bin/uname -X     = unknown

/bin/arch              = unknown
/usr/bin/arch -k       = unknown
/usr/convex/getsysinfo = unknown
/usr/bin/hostinfo      = Mach kernel version:
	 Darwin Kernel Version 12.6.0: Wed Mar 18 16:23:48 PDT 2015; root:xnu-2050.48.19~1/RELEASE_X86_64
Kernel configured for up to 8 processors.
4 processors are physically available.
8 processors are logically available.
Processor type: i486 (Intel 80486)
Processors active: 0 1 2 3 4 5 6 7
Primary memory available: 4.00 gigabytes
Default processor set: 117 tasks, 634 threads, 8 processors
Load average: 1.76, Mach factor: 6.23
/bin/machine           = unknown
/usr/bin/oslevel       = unknown
/bin/universe          = unknown

PATH: /opt/local/bin
PATH: /opt/local/sbin
PATH: /usr/local/bin
PATH: /usr/bin
PATH: /bin
PATH: /usr/sbin
PATH: /sbin
PATH: /usr/local/bin
PATH: /opt/X11/bin


## ----------- ##
## Core tests. ##
## ----------- ##

configure:2427: checking for a BSD-compatible install
configure:2495: result: /usr/bin/install -c
configure:2506: checking whether build environment is sane
configure:2561: result: yes
configure:2712: checking for a thread-safe mkdir -p
configure:2751: result: build_aux/install-sh -c -d
configure:2758: checking for gawk
configure:2788: result: no
configure:2758: checking for mawk
configure:2788: result: no
configure:2758: checking for nawk
configure:2788: result: no
configure:2758: checking for awk
configure:2774: found /usr/bin/awk
configure:2785: result: awk
configure:2796: checking whether make sets $(MAKE)
configure:2818: result: yes
configure:2847: checking whether make supports nested variables
configure:2864: result: yes
configure:2949: checking whether to enable maintainer-specific portions of Makefiles
configure:2958: result: no
configure:3080: checking for gcc
configure:3096: found /usr/bin/gcc
configure:3107: result: gcc
configure:3138: checking for C compiler version
configure:3147: gcc --version >&5
Apple clang version 4.1 (tags/Apple/clang-421.11.66) (based on LLVM 3.1svn)
Target: x86_64-apple-darwin12.6.0
Thread model: posix
Configured with: --prefix=/Applications/Xcode.app/Contents/Developer/usr --with-gxx-include-dir=/usr/include/c++/4.2.1
configure:3158: $? = 0
configure:3147: gcc -v >&5
Configured with: --prefix=/Applications/Xcode.app/Contents/Developer/usr --with-gxx-include-dir=/usr/include/c++/4.2.1
Apple clang version 4.1 (tags/Apple/clang-421.11.66) (based on LLVM 3.1svn)
Target: x86_64-apple-darwin12.6.0
Thread model: posix
configure:3158: $? = 0
configure:3147: gcc -V >&5
clang: error: argument to '-V' is missing (expected 1 value)
clang: error: no input files
configure:3158: $? = 1
configure:3147: gcc -qversion >&5
clang: error: no input files
configure:3158: $? = 1
configure:3178: checking whether the C compiler works
configure:3200: gcc    conftest.c  >&5
configure:3204: $? = 0
configure:3252: result: yes
configure:3255: checking for C compiler default output file name
configure:3257: result: a.out
configure:3263: checking for suffix of executables
configure:3270: gcc -o conftest    conftest.c  >&5
configure:3274: $? = 0
configure:3296: result: 
configure:3318: checking whether we are cross compiling
configure:3326: gcc -o conftest    conftest.c  >&5
configure:3330: $? = 0
configure:3337: ./conftest
configure:3341: $? = 0
configure:3356: result: no
configure:3361: checking for suffix of object files
configure:3383: gcc -c   conftest.c >&5
configure:3387: $? = 0
configure:3408: result: o
configure:3412: checking whether we are using the GNU C compiler
configure:3431: gcc -c   conftest.c >&5
configure:3431: $? = 0
configure:3440: result: yes
configure:3449: checking whether gcc accepts -g
configure:3469: gcc -c -g  conftest.c >&5
configure:3469: $? = 0
configure:3510: result: yes
configure:3527: checking for gcc option to accept ISO C89
configure:3590: gcc  -c -g -O2  conftest.c >&5
configure:3590: $? = 0
configure:3603: result: none needed
configure:3634: checking for style of include used by make
configure:3662: result: GNU
configure:3688: checking dependency style of gcc
configure:3799: result: gcc3
configure:3818: checking for gcc option to accept ISO C99
configure:3967: gcc  -c -g -O2  conftest.c >&5
configure:3967: $? = 0
configure:3980: result: none needed
configure:4088: checking for gcc option to accept ISO Standard C
configure:4099: result: none needed
configure:4112: checking how to run the C preprocessor
configure:4143: gcc -E  conftest.c
configure:4143: $? = 0
configure:4157: gcc -E  conftest.c
conftest.c:11:10: fatal error: 'ac_nonexistent.h' file not found
#include <ac_nonexistent.h>
         ^
1 error generated.
configure:4157: $? = 1
configure: failed program was:
| /* confdefs.h */
| #define PACKAGE_NAME "GnuCOBOL"
| #define PACKAGE_TARNAME "gnu-cobol"
| #define PACKAGE_VERSION "2.0"
| #define PACKAGE_STRING "GnuCOBOL 2.0"
| #define PACKAGE_BUGREPORT "open-cobol-list@lists.sourceforge.net"
| #define PACKAGE_URL "http://www.opencobol.org"
| #define PACKAGE "gnu-cobol"
| #define VERSION "2.0"
| /* end confdefs.h.  */
| #include <ac_nonexistent.h>
configure:4182: result: gcc -E
configure:4202: gcc -E  conftest.c
configure:4202: $? = 0
configure:4216: gcc -E  conftest.c
conftest.c:11:10: fatal error: 'ac_nonexistent.h' file not found
#include <ac_nonexistent.h>
         ^
1 error generated.
configure:4216: $? = 1
configure: failed program was:
| /* confdefs.h */
| #define PACKAGE_NAME "GnuCOBOL"
| #define PACKAGE_TARNAME "gnu-cobol"
| #define PACKAGE_VERSION "2.0"
| #define PACKAGE_STRING "GnuCOBOL 2.0"
| #define PACKAGE_BUGREPORT "open-cobol-list@lists.sourceforge.net"
| #define PACKAGE_URL "http://www.opencobol.org"
| #define PACKAGE "gnu-cobol"
| #define VERSION "2.0"
| /* end confdefs.h.  */
| #include <ac_nonexistent.h>
configure:4247: checking for grep that handles long lines and -e
configure:4305: result: /usr/bin/grep
configure:4310: checking for egrep
configure:4372: result: /usr/bin/grep -E
configure:4377: checking for ANSI C header files
configure:4397: gcc -c -g -O2  conftest.c >&5
configure:4397: $? = 0
configure:4470: gcc -o conftest -g -O2   conftest.c  >&5
configure:4470: $? = 0
configure:4470: ./conftest
configure:4470: $? = 0
configure:4481: result: yes
configure:4494: checking for sys/types.h
configure:4494: gcc -c -g -O2  conftest.c >&5
configure:4494: $? = 0
configure:4494: result: yes
configure:4494: checking for sys/stat.h
configure:4494: gcc -c -g -O2  conftest.c >&5
configure:4494: $? = 0
configure:4494: result: yes
configure:4494: checking for stdlib.h
configure:4494: gcc -c -g -O2  conftest.c >&5
configure:4494: $? = 0
configure:4494: result: yes
configure:4494: checking for string.h
configure:4494: gcc -c -g -O2  conftest.c >&5
configure:4494: $? = 0
configure:4494: result: yes
configure:4494: checking for memory.h
configure:4494: gcc -c -g -O2  conftest.c >&5
configure:4494: $? = 0
configure:4494: result: yes
configure:4494: checking for strings.h
configure:4494: gcc -c -g -O2  conftest.c >&5
configure:4494: $? = 0
configure:4494: result: yes
configure:4494: checking for inttypes.h
configure:4494: gcc -c -g -O2  conftest.c >&5
configure:4494: $? = 0
configure:4494: result: yes
configure:4494: checking for stdint.h
configure:4494: gcc -c -g -O2  conftest.c >&5
configure:4494: $? = 0
configure:4494: result: yes
configure:4494: checking for unistd.h
configure:4494: gcc -c -g -O2  conftest.c >&5
configure:4494: $? = 0
configure:4494: result: yes
configure:4507: checking minix/config.h usability
configure:4507: gcc -c -g -O2  conftest.c >&5
conftest.c:54:10: fatal error: 'minix/config.h' file not found
#include <minix/config.h>
         ^
1 error generated.
configure:4507: $? = 1
configure: failed program was:
| /* confdefs.h */
| #define PACKAGE_NAME "GnuCOBOL"
| #define PACKAGE_TARNAME "gnu-cobol"
| #define PACKAGE_VERSION "2.0"
| #define PACKAGE_STRING "GnuCOBOL 2.0"
| #define PACKAGE_BUGREPORT "open-cobol-list@lists.sourceforge.net"
| #define PACKAGE_URL "http://www.opencobol.org"
| #define PACKAGE "gnu-cobol"
| #define VERSION "2.0"
| #define STDC_HEADERS 1
| #define HAVE_SYS_TYPES_H 1
| #define HAVE_SYS_STAT_H 1
| #define HAVE_STDLIB_H 1
| #define HAVE_STRING_H 1
| #define HAVE_MEMORY_H 1
| #define HAVE_STRINGS_H 1
| #define HAVE_INTTYPES_H 1
| #define HAVE_STDINT_H 1
| #define HAVE_UNISTD_H 1
| /* end confdefs.h.  */
| #include <stdio.h>
| #ifdef HAVE_SYS_TYPES_H
| # include <sys/types.h>
| #endif
| #ifdef HAVE_SYS_STAT_H
| # include <sys/stat.h>
| #endif
| #ifdef STDC_HEADERS
| # include <stdlib.h>
| # include <stddef.h>
| #else
| # ifdef HAVE_STDLIB_H
| #  include <stdlib.h>
| # endif
| #endif
| #ifdef HAVE_STRING_H
| # if !defined STDC_HEADERS && defined HAVE_MEMORY_H
| #  include <memory.h>
| # endif
| # include <string.h>
| #endif
| #ifdef HAVE_STRINGS_H
| # include <strings.h>
| #endif
| #ifdef HAVE_INTTYPES_H
| # include <inttypes.h>
| #endif
| #ifdef HAVE_STDINT_H
| # include <stdint.h>
| #endif
| #ifdef HAVE_UNISTD_H
| # include <unistd.h>
| #endif
| #include <minix/config.h>
configure:4507: result: no
configure:4507: checking minix/config.h presence
configure:4507: gcc -E  conftest.c
conftest.c:21:10: fatal error: 'minix/config.h' file not found
#include <minix/config.h>
         ^
1 error generated.
configure:4507: $? = 1
configure: failed program was:
| /* confdefs.h */
| #define PACKAGE_NAME "GnuCOBOL"
| #define PACKAGE_TARNAME "gnu-cobol"
| #define PACKAGE_VERSION "2.0"
| #define PACKAGE_STRING "GnuCOBOL 2.0"
| #define PACKAGE_BUGREPORT "open-cobol-list@lists.sourceforge.net"
| #define PACKAGE_URL "http://www.opencobol.org"
| #define PACKAGE "gnu-cobol"
| #define VERSION "2.0"
| #define STDC_HEADERS 1
| #define HAVE_SYS_TYPES_H 1
| #define HAVE_SYS_STAT_H 1
| #define HAVE_STDLIB_H 1
| #define HAVE_STRING_H 1
| #define HAVE_MEMORY_H 1
| #define HAVE_STRINGS_H 1
| #define HAVE_INTTYPES_H 1
| #define HAVE_STDINT_H 1
| #define HAVE_UNISTD_H 1
| /* end confdefs.h.  */
| #include <minix/config.h>
configure:4507: result: no
configure:4507: checking for minix/config.h
configure:4507: result: no
configure:4528: checking whether it is safe to define __EXTENSIONS__
configure:4546: gcc -c -g -O2  conftest.c >&5
configure:4546: $? = 0
configure:4553: result: yes
configure:4597: checking build system type
configure:4611: result: x86_64-apple-darwin12.6.0
configure:4631: checking host system type
configure:4644: result: x86_64-apple-darwin12.6.0
configure:4685: checking how to print strings
configure:4712: result: printf
configure:4733: checking for a sed that does not truncate output
configure:4797: result: /usr/bin/sed
configure:4815: checking for fgrep
configure:4877: result: /usr/bin/grep -F
configure:4912: checking for ld used by gcc
configure:4979: result: /Applications/Xcode.app/Contents/Developer/Toolchains/XcodeDefault.xctoolchain/usr/bin/ld
configure:4986: checking if the linker (/Applications/Xcode.app/Contents/Developer/Toolchains/XcodeDefault.xctoolchain/usr/bin/ld) is GNU ld
configure:5001: result: no
configure:5013: checking for BSD- or MS-compatible name lister (nm)
configure:5067: result: /usr/bin/nm
configure:5197: checking the name lister (/usr/bin/nm) interface
configure:5204: gcc -c -g -O2  conftest.c >&5
configure:5207: /usr/bin/nm "conftest.o"
configure:5210: output
000000000000022c S _some_variable
configure:5217: result: BSD nm
configure:5220: checking whether ln -s works
configure:5224: result: yes
configure:5232: checking the maximum length of command line arguments
configure:5363: result: 196608
configure:5411: checking how to convert x86_64-apple-darwin12.6.0 file names to x86_64-apple-darwin12.6.0 format
configure:5451: result: func_convert_file_noop
configure:5458: checking how to convert x86_64-apple-darwin12.6.0 file names to toolchain format
configure:5478: result: func_convert_file_noop
configure:5485: checking for /Applications/Xcode.app/Contents/Developer/Toolchains/XcodeDefault.xctoolchain/usr/bin/ld option to reload object files
configure:5492: result: -r
configure:5566: checking for objdump
configure:5596: result: no
configure:5622: checking how to recognize dependent libraries
configure:5822: result: pass_all
configure:5907: checking for dlltool
configure:5937: result: no
configure:5964: checking how to associate runtime and link libraries
configure:5991: result: printf %s\n
configure:6051: checking for ar
configure:6067: found /usr/bin/ar
configure:6078: result: ar
configure:6115: checking for archiver @FILE support
configure:6132: gcc -c -g -O2  conftest.c >&5
configure:6132: $? = 0
configure:6135: ar cru libconftest.a @conftest.lst >&5
ar: @conftest.lst: No such file or directory
configure:6138: $? = 1
configure:6158: result: no
configure:6216: checking for strip
configure:6232: found /usr/bin/strip
configure:6243: result: strip
configure:6315: checking for ranlib
configure:6331: found /usr/bin/ranlib
configure:6342: result: ranlib
configure:6444: checking command to parse /usr/bin/nm output from gcc object
configure:6597: gcc -c -g -O2  conftest.c >&5
configure:6600: $? = 0
configure:6604: /usr/bin/nm conftest.o \| sed -n -e 's/^.*[ ]\([BCDEGRST][BCDEGRST]*\)[ ][ ]*\([_A-Za-z][_A-Za-z0-9]*\)$/\1 \2 \2/p' | sed '/ __gnu_lto/d' \> conftest.nm
configure:6607: $? = 0
cannot find nm_test_var in conftest.nm
configure:6597: gcc -c -g -O2  conftest.c >&5
configure:6600: $? = 0
configure:6604: /usr/bin/nm conftest.o \| sed -n -e 's/^.*[ ]\([BCDEGRST][BCDEGRST]*\)[ ][ ]*_\([_A-Za-z][_A-Za-z0-9]*\)$/\1 _\2 \2/p' | sed '/ __gnu_lto/d' \> conftest.nm
configure:6607: $? = 0
configure:6673: gcc -o conftest -g -O2   conftest.c conftstm.o >&5
configure:6676: $? = 0
configure:6714: result: ok
configure:6761: checking for sysroot
configure:6791: result: no
configure:6798: checking for a working dd
configure:6836: result: /bin/dd
configure:6840: checking how to truncate binary pipes
configure:6855: result: /bin/dd bs=4096 count=1
configure:7184: checking for mt
configure:7214: result: no
configure:7234: checking if : is a manifest tool
configure:7240: : '-?'
configure:7248: result: no
configure:7304: checking for dsymutil
configure:7320: found /usr/bin/dsymutil
configure:7331: result: dsymutil
configure:7396: checking for nmedit
configure:7412: found /usr/bin/nmedit
configure:7423: result: nmedit
configure:7488: checking for lipo
configure:7504: found /usr/bin/lipo
configure:7515: result: lipo
configure:7580: checking for otool
configure:7596: found /usr/bin/otool
configure:7607: result: otool
configure:7672: checking for otool64
configure:7702: result: no
configure:7747: checking for -single_module linker flag
gcc -g -O2  -o libconftest.dylib -dynamiclib -Wl,-single_module conftest.c
configure:7780: result: yes
configure:7783: checking for -exported_symbols_list linker flag
configure:7803: gcc -o conftest -g -O2   -Wl,-exported_symbols_list,conftest.sym conftest.c  >&5
configure:7803: $? = 0
configure:7813: result: yes
configure:7816: checking for -force_load linker flag
gcc -g -O2 -c -o conftest.o conftest.c
ar cru libconftest.a conftest.o
ranlib libconftest.a
gcc -g -O2  -o conftest conftest.c -Wl,-force_load,./libconftest.a
configure:7848: result: yes
configure:7922: checking for dlfcn.h
configure:7922: gcc -c -g -O2  conftest.c >&5
configure:7922: $? = 0
configure:7922: result: yes
configure:8475: checking for objdir
configure:8490: result: .libs
configure:8754: checking if gcc supports -fno-rtti -fno-exceptions
configure:8772: gcc -c -g -O2  -fno-rtti -fno-exceptions conftest.c >&5
configure:8776: $? = 0
configure:8789: result: yes
configure:9147: checking for gcc option to produce PIC
configure:9154: result: -fno-common -DPIC
configure:9162: checking if gcc PIC flag -fno-common -DPIC works
configure:9180: gcc -c -g -O2  -fno-common -DPIC -DPIC conftest.c >&5
configure:9184: $? = 0
configure:9197: result: yes
configure:9226: checking if gcc static flag -static works
configure:9254: result: no
configure:9269: checking if gcc supports -c -o file.o
configure:9290: gcc -c -g -O2  -o out/conftest2.o conftest.c >&5
configure:9294: $? = 0
configure:9316: result: yes
configure:9324: checking if gcc supports -c -o file.o
configure:9371: result: yes
configure:9404: checking whether the gcc linker (/Applications/Xcode.app/Contents/Developer/Toolchains/XcodeDefault.xctoolchain/usr/bin/ld) supports shared libraries
configure:10663: result: yes
configure:10903: checking dynamic linker characteristics
configure:11721: result: darwin12.6.0 dyld
configure:11843: checking how to hardcode library paths into programs
configure:11868: result: immediate
configure:11913: checking for dlopen in -ldl
configure:11938: gcc -o conftest -g -O2   conftest.c -ldl   >&5
configure:11938: $? = 0
configure:11947: result: yes
configure:12170: checking whether a program can dlopen itself
configure:12250: gcc -o conftest -g -O2  -DHAVE_DLFCN_H   conftest.c -ldl  >&5
configure:12253: $? = 0
configure:12271: result: yes
configure:12276: checking whether a statically linked program can dlopen itself
configure:12356: gcc -o conftest -g -O2  -DHAVE_DLFCN_H    conftest.c -ldl  >&5
configure:12359: $? = 0
configure:12377: result: yes
configure:12416: checking whether stripping libraries is possible
configure:12430: result: yes
configure:12456: checking if libtool supports shared libraries
configure:12458: result: yes
configure:12461: checking whether to build shared libraries
configure:12486: result: yes
configure:12489: checking whether to build static libraries
configure:12493: result: yes
configure:12531: checking for egrep
configure:12593: result: /usr/bin/grep -E
configure:12599: checking whether gcc and cc understand -c and -o together
configure:12630: gcc -c conftest.c -o conftest2.o >&5
configure:12634: $? = 0
configure:12640: gcc -c conftest.c -o conftest2.o >&5
configure:12644: $? = 0
configure:12655: cc -c conftest.c >&5
configure:12659: $? = 0
configure:12667: cc -c conftest.c -o conftest2.o >&5
configure:12671: $? = 0
configure:12677: cc -c conftest.c -o conftest2.o >&5
configure:12681: $? = 0
configure:12699: result: yes
configure:12727: checking whether ln -s works
configure:12731: result: yes
configure:12744: checking whether make sets $(MAKE)
configure:12766: result: yes
configure:12800: checking for ld used by gcc
configure:12867: result: /Applications/Xcode.app/Contents/Developer/Toolchains/XcodeDefault.xctoolchain/usr/bin/ld
configure:12874: checking if the linker (/Applications/Xcode.app/Contents/Developer/Toolchains/XcodeDefault.xctoolchain/usr/bin/ld) is GNU ld
configure:12889: result: no
configure:12896: checking for shared library run path origin
configure:12909: result: done
configure:12930: checking for ANSI C header files
configure:13034: result: yes
configure:13046: checking for stdint.h
configure:13046: result: yes
configure:13046: checking for sys/types.h
configure:13046: result: yes
configure:13046: checking signal.h usability
configure:13046: gcc -c -g -O2  conftest.c >&5
configure:13046: $? = 0
configure:13046: result: yes
configure:13046: checking signal.h presence
configure:13046: gcc -E  conftest.c
configure:13046: $? = 0
configure:13046: result: yes
configure:13046: checking for signal.h
configure:13046: result: yes
configure:13046: checking fcntl.h usability
configure:13046: gcc -c -g -O2  conftest.c >&5
configure:13046: $? = 0
configure:13046: result: yes
configure:13046: checking fcntl.h presence
configure:13046: gcc -E  conftest.c
configure:13046: $? = 0
configure:13046: result: yes
configure:13046: checking for fcntl.h
configure:13046: result: yes
configure:13046: checking malloc.h usability
configure:13046: gcc -c -g -O2  conftest.c >&5
conftest.c:66:10: fatal error: 'malloc.h' file not found
#include <malloc.h>
         ^
1 error generated.
configure:13046: $? = 1
configure: failed program was:
| /* confdefs.h */
| #define PACKAGE_NAME "GnuCOBOL"
| #define PACKAGE_TARNAME "gnu-cobol"
| #define PACKAGE_VERSION "2.0"
| #define PACKAGE_STRING "GnuCOBOL 2.0"
| #define PACKAGE_BUGREPORT "open-cobol-list@lists.sourceforge.net"
| #define PACKAGE_URL "http://www.opencobol.org"
| #define PACKAGE "gnu-cobol"
| #define VERSION "2.0"
| #define STDC_HEADERS 1
| #define HAVE_SYS_TYPES_H 1
| #define HAVE_SYS_STAT_H 1
| #define HAVE_STDLIB_H 1
| #define HAVE_STRING_H 1
| #define HAVE_MEMORY_H 1
| #define HAVE_STRINGS_H 1
| #define HAVE_INTTYPES_H 1
| #define HAVE_STDINT_H 1
| #define HAVE_UNISTD_H 1
| #define __EXTENSIONS__ 1
| #define _ALL_SOURCE 1
| #define _GNU_SOURCE 1
| #define _POSIX_PTHREAD_SEMANTICS 1
| #define _TANDEM_SOURCE 1
| #define HAVE_DLFCN_H 1
| #define LT_OBJDIR ".libs/"
| #define STDC_HEADERS 1
| #define HAVE_STDINT_H 1
| #define HAVE_SYS_TYPES_H 1
| #define HAVE_SIGNAL_H 1
| #define HAVE_FCNTL_H 1
| /* end confdefs.h.  */
| #include <stdio.h>
| #ifdef HAVE_SYS_TYPES_H
| # include <sys/types.h>
| #endif
| #ifdef HAVE_SYS_STAT_H
| # include <sys/stat.h>
| #endif
| #ifdef STDC_HEADERS
| # include <stdlib.h>
| # include <stddef.h>
| #else
| # ifdef HAVE_STDLIB_H
| #  include <stdlib.h>
| # endif
| #endif
| #ifdef HAVE_STRING_H
| # if !defined STDC_HEADERS && defined HAVE_MEMORY_H
| #  include <memory.h>
| # endif
| # include <string.h>
| #endif
| #ifdef HAVE_STRINGS_H
| # include <strings.h>
| #endif
| #ifdef HAVE_INTTYPES_H
| # include <inttypes.h>
| #endif
| #ifdef HAVE_STDINT_H
| # include <stdint.h>
| #endif
| #ifdef HAVE_UNISTD_H
| # include <unistd.h>
| #endif
| #include <malloc.h>
configure:13046: result: no
configure:13046: checking malloc.h presence
configure:13046: gcc -E  conftest.c
conftest.c:33:10: fatal error: 'malloc.h' file not found
#include <malloc.h>
         ^
1 error generated.
configure:13046: $? = 1
configure: failed program was:
| /* confdefs.h */
| #define PACKAGE_NAME "GnuCOBOL"
| #define PACKAGE_TARNAME "gnu-cobol"
| #define PACKAGE_VERSION "2.0"
| #define PACKAGE_STRING "GnuCOBOL 2.0"
| #define PACKAGE_BUGREPORT "open-cobol-list@lists.sourceforge.net"
| #define PACKAGE_URL "http://www.opencobol.org"
| #define PACKAGE "gnu-cobol"
| #define VERSION "2.0"
| #define STDC_HEADERS 1
| #define HAVE_SYS_TYPES_H 1
| #define HAVE_SYS_STAT_H 1
| #define HAVE_STDLIB_H 1
| #define HAVE_STRING_H 1
| #define HAVE_MEMORY_H 1
| #define HAVE_STRINGS_H 1
| #define HAVE_INTTYPES_H 1
| #define HAVE_STDINT_H 1
| #define HAVE_UNISTD_H 1
| #define __EXTENSIONS__ 1
| #define _ALL_SOURCE 1
| #define _GNU_SOURCE 1
| #define _POSIX_PTHREAD_SEMANTICS 1
| #define _TANDEM_SOURCE 1
| #define HAVE_DLFCN_H 1
| #define LT_OBJDIR ".libs/"
| #define STDC_HEADERS 1
| #define HAVE_STDINT_H 1
| #define HAVE_SYS_TYPES_H 1
| #define HAVE_SIGNAL_H 1
| #define HAVE_FCNTL_H 1
| /* end confdefs.h.  */
| #include <malloc.h>
configure:13046: result: no
configure:13046: checking for malloc.h
configure:13046: result: no
configure:13046: checking locale.h usability
configure:13046: gcc -c -g -O2  conftest.c >&5
configure:13046: $? = 0
configure:13046: result: yes
configure:13046: checking locale.h presence
configure:13046: gcc -E  conftest.c
configure:13046: $? = 0
configure:13046: result: yes
configure:13046: checking for locale.h
configure:13046: result: yes
configure:13046: checking stddef.h usability
configure:13046: gcc -c -g -O2  conftest.c >&5
configure:13046: $? = 0
configure:13046: result: yes
configure:13046: checking stddef.h presence
configure:13046: gcc -E  conftest.c
configure:13046: $? = 0
configure:13046: result: yes
configure:13046: checking for stddef.h
configure:13046: result: yes
configure:13046: checking wchar.h usability
configure:13046: gcc -c -g -O2  conftest.c >&5
configure:13046: $? = 0
configure:13046: result: yes
configure:13046: checking wchar.h presence
configure:13046: gcc -E  conftest.c
configure:13046: $? = 0
configure:13046: result: yes
configure:13046: checking for wchar.h
configure:13046: result: yes
configure:13046: checking for dlfcn.h
configure:13046: result: yes
configure:13046: checking sys/time.h usability
configure:13046: gcc -c -g -O2  conftest.c >&5
configure:13046: $? = 0
configure:13046: result: yes
configure:13046: checking sys/time.h presence
configure:13046: gcc -E  conftest.c
configure:13046: $? = 0
configure:13046: result: yes
configure:13046: checking for sys/time.h
configure:13046: result: yes
configure:13058: checking for an ANSI C-conforming const
configure:13124: gcc -c -g -O2  conftest.c >&5
configure:13124: $? = 0
configure:13131: result: yes
configure:13139: checking whether byte ordering is bigendian
configure:13154: gcc -c -g -O2  conftest.c >&5
configure:13154: $? = 0
configure:13199: gcc -c -g -O2  conftest.c >&5
configure:13199: $? = 0
configure:13217: gcc -c -g -O2  conftest.c >&5
conftest.c:45:4: error: use of undeclared identifier 'not'
                 not big endian
                 ^
1 error generated.
configure:13217: $? = 1
configure: failed program was:
| /* confdefs.h */
| #define PACKAGE_NAME "GnuCOBOL"
| #define PACKAGE_TARNAME "gnu-cobol"
| #define PACKAGE_VERSION "2.0"
| #define PACKAGE_STRING "GnuCOBOL 2.0"
| #define PACKAGE_BUGREPORT "open-cobol-list@lists.sourceforge.net"
| #define PACKAGE_URL "http://www.opencobol.org"
| #define PACKAGE "gnu-cobol"
| #define VERSION "2.0"
| #define STDC_HEADERS 1
| #define HAVE_SYS_TYPES_H 1
| #define HAVE_SYS_STAT_H 1
| #define HAVE_STDLIB_H 1
| #define HAVE_STRING_H 1
| #define HAVE_MEMORY_H 1
| #define HAVE_STRINGS_H 1
| #define HAVE_INTTYPES_H 1
| #define HAVE_STDINT_H 1
| #define HAVE_UNISTD_H 1
| #define __EXTENSIONS__ 1
| #define _ALL_SOURCE 1
| #define _GNU_SOURCE 1
| #define _POSIX_PTHREAD_SEMANTICS 1
| #define _TANDEM_SOURCE 1
| #define HAVE_DLFCN_H 1
| #define LT_OBJDIR ".libs/"
| #define STDC_HEADERS 1
| #define HAVE_STDINT_H 1
| #define HAVE_SYS_TYPES_H 1
| #define HAVE_SIGNAL_H 1
| #define HAVE_FCNTL_H 1
| #define HAVE_LOCALE_H 1
| #define HAVE_STDDEF_H 1
| #define HAVE_WCHAR_H 1
| #define HAVE_DLFCN_H 1
| #define HAVE_SYS_TIME_H 1
| /* end confdefs.h.  */
| #include <sys/types.h>
| 		#include <sys/param.h>
| 
| int
| main ()
| {
| #if BYTE_ORDER != BIG_ENDIAN
| 		 not big endian
| 		#endif
| 
|   ;
|   return 0;
| }
configure:13345: result: no
configure:13363: checking for size_t
configure:13363: gcc -c -g -O2  conftest.c >&5
configure:13363: $? = 0
configure:13363: gcc -c -g -O2  conftest.c >&5
conftest.c:74:21: error: expected expression
if (sizeof ((size_t)))
                    ^
1 error generated.
configure:13363: $? = 1
configure: failed program was:
| /* confdefs.h */
| #define PACKAGE_NAME "GnuCOBOL"
| #define PACKAGE_TARNAME "gnu-cobol"
| #define PACKAGE_VERSION "2.0"
| #define PACKAGE_STRING "GnuCOBOL 2.0"
| #define PACKAGE_BUGREPORT "open-cobol-list@lists.sourceforge.net"
| #define PACKAGE_URL "http://www.opencobol.org"
| #define PACKAGE "gnu-cobol"
| #define VERSION "2.0"
| #define STDC_HEADERS 1
| #define HAVE_SYS_TYPES_H 1
| #define HAVE_SYS_STAT_H 1
| #define HAVE_STDLIB_H 1
| #define HAVE_STRING_H 1
| #define HAVE_MEMORY_H 1
| #define HAVE_STRINGS_H 1
| #define HAVE_INTTYPES_H 1
| #define HAVE_STDINT_H 1
| #define HAVE_UNISTD_H 1
| #define __EXTENSIONS__ 1
| #define _ALL_SOURCE 1
| #define _GNU_SOURCE 1
| #define _POSIX_PTHREAD_SEMANTICS 1
| #define _TANDEM_SOURCE 1
| #define HAVE_DLFCN_H 1
| #define LT_OBJDIR ".libs/"
| #define STDC_HEADERS 1
| #define HAVE_STDINT_H 1
| #define HAVE_SYS_TYPES_H 1
| #define HAVE_SIGNAL_H 1
| #define HAVE_FCNTL_H 1
| #define HAVE_LOCALE_H 1
| #define HAVE_STDDEF_H 1
| #define HAVE_WCHAR_H 1
| #define HAVE_DLFCN_H 1
| #define HAVE_SYS_TIME_H 1
| /* end confdefs.h.  */
| #include <stdio.h>
| #ifdef HAVE_SYS_TYPES_H
| # include <sys/types.h>
| #endif
| #ifdef HAVE_SYS_STAT_H
| # include <sys/stat.h>
| #endif
| #ifdef STDC_HEADERS
| # include <stdlib.h>
| # include <stddef.h>
| #else
| # ifdef HAVE_STDLIB_H
| #  include <stdlib.h>
| # endif
| #endif
| #ifdef HAVE_STRING_H
| # if !defined STDC_HEADERS && defined HAVE_MEMORY_H
| #  include <memory.h>
| # endif
| # include <string.h>
| #endif
| #ifdef HAVE_STRINGS_H
| # include <strings.h>
| #endif
| #ifdef HAVE_INTTYPES_H
| # include <inttypes.h>
| #endif
| #ifdef HAVE_STDINT_H
| # include <stdint.h>
| #endif
| #ifdef HAVE_UNISTD_H
| # include <unistd.h>
| #endif
| int
| main ()
| {
| if (sizeof ((size_t)))
| 	    return 0;
|   ;
|   return 0;
| }
configure:13363: result: yes
configure:13374: checking whether struct tm is in sys/time.h or time.h
configure:13394: gcc -c -g -O2  conftest.c >&5
configure:13394: $? = 0
configure:13401: result: time.h
configure:13409: checking for sig_atomic_t
configure:13409: gcc -c -g -O2  conftest.c >&5
configure:13409: $? = 0
configure:13409: gcc -c -g -O2  conftest.c >&5
conftest.c:43:27: error: expected expression
if (sizeof ((sig_atomic_t)))
                          ^
1 error generated.
configure:13409: $? = 1
configure: failed program was:
| /* confdefs.h */
| #define PACKAGE_NAME "GnuCOBOL"
| #define PACKAGE_TARNAME "gnu-cobol"
| #define PACKAGE_VERSION "2.0"
| #define PACKAGE_STRING "GnuCOBOL 2.0"
| #define PACKAGE_BUGREPORT "open-cobol-list@lists.sourceforge.net"
| #define PACKAGE_URL "http://www.opencobol.org"
| #define PACKAGE "gnu-cobol"
| #define VERSION "2.0"
| #define STDC_HEADERS 1
| #define HAVE_SYS_TYPES_H 1
| #define HAVE_SYS_STAT_H 1
| #define HAVE_STDLIB_H 1
| #define HAVE_STRING_H 1
| #define HAVE_MEMORY_H 1
| #define HAVE_STRINGS_H 1
| #define HAVE_INTTYPES_H 1
| #define HAVE_STDINT_H 1
| #define HAVE_UNISTD_H 1
| #define __EXTENSIONS__ 1
| #define _ALL_SOURCE 1
| #define _GNU_SOURCE 1
| #define _POSIX_PTHREAD_SEMANTICS 1
| #define _TANDEM_SOURCE 1
| #define HAVE_DLFCN_H 1
| #define LT_OBJDIR ".libs/"
| #define STDC_HEADERS 1
| #define HAVE_STDINT_H 1
| #define HAVE_SYS_TYPES_H 1
| #define HAVE_SIGNAL_H 1
| #define HAVE_FCNTL_H 1
| #define HAVE_LOCALE_H 1
| #define HAVE_STDDEF_H 1
| #define HAVE_WCHAR_H 1
| #define HAVE_DLFCN_H 1
| #define HAVE_SYS_TIME_H 1
| /* end confdefs.h.  */
| #include <signal.h>
| 
| int
| main ()
| {
| if (sizeof ((sig_atomic_t)))
| 	    return 0;
|   ;
|   return 0;
| }
configure:13409: result: yes
configure:13423: checking for inline keyword
configure:13447: gcc -c -g -O2  conftest.c >&5
configure:13447: $? = 0
configure:13455: result: __inline
configure:13462: checking for vprintf
configure:13462: gcc -o conftest -g -O2   conftest.c  >&5
conftest.c:63:6: warning: incompatible redeclaration of library function 'vprintf'
char vprintf ();
     ^
conftest.c:63:6: note: 'vprintf' is a builtin with type 'int (const char *, __va_list_tag *)'
1 warning generated.
configure:13462: $? = 0
configure:13462: result: yes
configure:13468: checking for _doprnt
configure:13468: gcc -o conftest -g -O2   conftest.c  >&5
Undefined symbols for architecture x86_64:
  "__doprnt", referenced from:
      _main in conftest-70nCEz.o
ld: symbol(s) not found for architecture x86_64
clang: error: linker command failed with exit code 1 (use -v to see invocation)
configure:13468: $? = 1
configure: failed program was:
| /* confdefs.h */
| #define PACKAGE_NAME "GnuCOBOL"
| #define PACKAGE_TARNAME "gnu-cobol"
| #define PACKAGE_VERSION "2.0"
| #define PACKAGE_STRING "GnuCOBOL 2.0"
| #define PACKAGE_BUGREPORT "open-cobol-list@lists.sourceforge.net"
| #define PACKAGE_URL "http://www.opencobol.org"
| #define PACKAGE "gnu-cobol"
| #define VERSION "2.0"
| #define STDC_HEADERS 1
| #define HAVE_SYS_TYPES_H 1
| #define HAVE_SYS_STAT_H 1
| #define HAVE_STDLIB_H 1
| #define HAVE_STRING_H 1
| #define HAVE_MEMORY_H 1
| #define HAVE_STRINGS_H 1
| #define HAVE_INTTYPES_H 1
| #define HAVE_STDINT_H 1
| #define HAVE_UNISTD_H 1
| #define __EXTENSIONS__ 1
| #define _ALL_SOURCE 1
| #define _GNU_SOURCE 1
| #define _POSIX_PTHREAD_SEMANTICS 1
| #define _TANDEM_SOURCE 1
| #define HAVE_DLFCN_H 1
| #define LT_OBJDIR ".libs/"
| #define STDC_HEADERS 1
| #define HAVE_STDINT_H 1
| #define HAVE_SYS_TYPES_H 1
| #define HAVE_SIGNAL_H 1
| #define HAVE_FCNTL_H 1
| #define HAVE_LOCALE_H 1
| #define HAVE_STDDEF_H 1
| #define HAVE_WCHAR_H 1
| #define HAVE_DLFCN_H 1
| #define HAVE_SYS_TIME_H 1
| #define HAVE_SIG_ATOMIC_T 1
| #define COB_KEYWORD_INLINE __inline
| #define HAVE_VPRINTF 1
| /* end confdefs.h.  */
| /* Define _doprnt to an innocuous variant, in case <limits.h> declares _doprnt.
|    For example, HP-UX 11i <limits.h> declares gettimeofday.  */
| #define _doprnt innocuous__doprnt
| 
| /* System header to define __stub macros and hopefully few prototypes,
|     which can conflict with char _doprnt (); below.
|     Prefer <limits.h> to <assert.h> if __STDC__ is defined, since
|     <limits.h> exists even on freestanding compilers.  */
| 
| #ifdef __STDC__
| # include <limits.h>
| #else
| # include <assert.h>
| #endif
| 
| #undef _doprnt
| 
| /* Override any GCC internal prototype to avoid an error.
|    Use char because int might match the return type of a GCC
|    builtin and then its argument prototype would still apply.  */
| #ifdef __cplusplus
| extern "C"
| #endif
| char _doprnt ();
| /* The GNU C library defines this for functions which it implements
|     to always fail with ENOSYS.  Some functions are actually named
|     something starting with __ and the normal name is an alias.  */
| #if defined __stub__doprnt || defined __stub____doprnt
| choke me
| #endif
| 
| int
| main ()
| {
| return _doprnt ();
|   ;
|   return 0;
| }
configure:13468: result: no
configure:13485: checking for memmove
configure:13485: gcc -o conftest -g -O2   conftest.c  >&5
conftest.c:64:6: warning: incompatible redeclaration of library function 'memmove'
char memmove ();
     ^
conftest.c:64:6: note: 'memmove' is a builtin with type 'void *(void *, const void *, unsigned long)'
1 warning generated.
configure:13485: $? = 0
configure:13485: result: yes
configure:13485: checking for memset
configure:13485: gcc -o conftest -g -O2   conftest.c  >&5
conftest.c:65:6: warning: incompatible redeclaration of library function 'memset'
char memset ();
     ^
conftest.c:65:6: note: 'memset' is a builtin with type 'void *(void *, int, unsigned long)'
1 warning generated.
configure:13485: $? = 0
configure:13485: result: yes
configure:13485: checking for setlocale
configure:13485: gcc -o conftest -g -O2   conftest.c  >&5
configure:13485: $? = 0
configure:13485: result: yes
configure:13485: checking for fcntl
configure:13485: gcc -o conftest -g -O2   conftest.c  >&5
configure:13485: $? = 0
configure:13485: result: yes
configure:13485: checking for strerror
configure:13485: gcc -o conftest -g -O2   conftest.c  >&5
conftest.c:68:6: warning: incompatible redeclaration of library function 'strerror'
char strerror ();
     ^
conftest.c:68:6: note: 'strerror' is a builtin with type 'char *(int)'
1 warning generated.
configure:13485: $? = 0
configure:13485: result: yes
configure:13485: checking for strcasecmp
configure:13485: gcc -o conftest -g -O2   conftest.c  >&5
conftest.c:69:6: warning: incompatible redeclaration of library function 'strcasecmp'
char strcasecmp ();
     ^
conftest.c:69:6: note: 'strcasecmp' is a builtin with type 'int (const char *, const char *)'
1 warning generated.
configure:13485: $? = 0
configure:13485: result: yes
configure:13485: checking for strchr
configure:13485: gcc -o conftest -g -O2   conftest.c  >&5
conftest.c:70:6: warning: incompatible redeclaration of library function 'strchr'
char strchr ();
     ^
conftest.c:70:6: note: 'strchr' is a builtin with type 'char *(const char *, int)'
1 warning generated.
configure:13485: $? = 0
configure:13485: result: yes
configure:13485: checking for strrchr
configure:13485: gcc -o conftest -g -O2   conftest.c  >&5
conftest.c:71:6: warning: incompatible redeclaration of library function 'strrchr'
char strrchr ();
     ^
conftest.c:71:6: note: 'strrchr' is a builtin with type 'char *(const char *, int)'
1 warning generated.
configure:13485: $? = 0
configure:13485: result: yes
configure:13485: checking for strdup
configure:13485: gcc -o conftest -g -O2   conftest.c  >&5
conftest.c:72:6: warning: incompatible redeclaration of library function 'strdup'
char strdup ();
     ^
conftest.c:72:6: note: 'strdup' is a builtin with type 'char *(const char *)'
1 warning generated.
configure:13485: $? = 0
configure:13485: result: yes
configure:13485: checking for strstr
configure:13485: gcc -o conftest -g -O2   conftest.c  >&5
conftest.c:73:6: warning: incompatible redeclaration of library function 'strstr'
char strstr ();
     ^
conftest.c:73:6: note: 'strstr' is a builtin with type 'char *(const char *, const char *)'
1 warning generated.
configure:13485: $? = 0
configure:13485: result: yes
configure:13485: checking for strtol
configure:13485: gcc -o conftest -g -O2   conftest.c  >&5
configure:13485: $? = 0
configure:13485: result: yes
configure:13485: checking for gettimeofday
configure:13485: gcc -o conftest -g -O2   conftest.c  >&5
configure:13485: $? = 0
configure:13485: result: yes
configure:13485: checking for localeconv
configure:13485: gcc -o conftest -g -O2   conftest.c  >&5
configure:13485: $? = 0
configure:13485: result: yes
configure:13485: checking for readlink
configure:13485: gcc -o conftest -g -O2   conftest.c  >&5
configure:13485: $? = 0
configure:13485: result: yes
configure:13485: checking for getexecname
configure:13485: gcc -o conftest -g -O2   conftest.c  >&5
Undefined symbols for architecture x86_64:
  "_getexecname", referenced from:
      _main in conftest-OmyQVU.o
ld: symbol(s) not found for architecture x86_64
clang: error: linker command failed with exit code 1 (use -v to see invocation)
configure:13485: $? = 1
configure: failed program was:
| /* confdefs.h */
| #define PACKAGE_NAME "GnuCOBOL"
| #define PACKAGE_TARNAME "gnu-cobol"
| #define PACKAGE_VERSION "2.0"
| #define PACKAGE_STRING "GnuCOBOL 2.0"
| #define PACKAGE_BUGREPORT "open-cobol-list@lists.sourceforge.net"
| #define PACKAGE_URL "http://www.opencobol.org"
| #define PACKAGE "gnu-cobol"
| #define VERSION "2.0"
| #define STDC_HEADERS 1
| #define HAVE_SYS_TYPES_H 1
| #define HAVE_SYS_STAT_H 1
| #define HAVE_STDLIB_H 1
| #define HAVE_STRING_H 1
| #define HAVE_MEMORY_H 1
| #define HAVE_STRINGS_H 1
| #define HAVE_INTTYPES_H 1
| #define HAVE_STDINT_H 1
| #define HAVE_UNISTD_H 1
| #define __EXTENSIONS__ 1
| #define _ALL_SOURCE 1
| #define _GNU_SOURCE 1
| #define _POSIX_PTHREAD_SEMANTICS 1
| #define _TANDEM_SOURCE 1
| #define HAVE_DLFCN_H 1
| #define LT_OBJDIR ".libs/"
| #define STDC_HEADERS 1
| #define HAVE_STDINT_H 1
| #define HAVE_SYS_TYPES_H 1
| #define HAVE_SIGNAL_H 1
| #define HAVE_FCNTL_H 1
| #define HAVE_LOCALE_H 1
| #define HAVE_STDDEF_H 1
| #define HAVE_WCHAR_H 1
| #define HAVE_DLFCN_H 1
| #define HAVE_SYS_TIME_H 1
| #define HAVE_SIG_ATOMIC_T 1
| #define COB_KEYWORD_INLINE __inline
| #define HAVE_VPRINTF 1
| #define HAVE_MEMMOVE 1
| #define HAVE_MEMSET 1
| #define HAVE_SETLOCALE 1
| #define HAVE_FCNTL 1
| #define HAVE_STRERROR 1
| #define HAVE_STRCASECMP 1
| #define HAVE_STRCHR 1
| #define HAVE_STRRCHR 1
| #define HAVE_STRDUP 1
| #define HAVE_STRSTR 1
| #define HAVE_STRTOL 1
| #define HAVE_GETTIMEOFDAY 1
| #define HAVE_LOCALECONV 1
| #define HAVE_READLINK 1
| /* end confdefs.h.  */
| /* Define getexecname to an innocuous variant, in case <limits.h> declares getexecname.
|    For example, HP-UX 11i <limits.h> declares gettimeofday.  */
| #define getexecname innocuous_getexecname
| 
| /* System header to define __stub macros and hopefully few prototypes,
|     which can conflict with char getexecname (); below.
|     Prefer <limits.h> to <assert.h> if __STDC__ is defined, since
|     <limits.h> exists even on freestanding compilers.  */
| 
| #ifdef __STDC__
| # include <limits.h>
| #else
| # include <assert.h>
| #endif
| 
| #undef getexecname
| 
| /* Override any GCC internal prototype to avoid an error.
|    Use char because int might match the return type of a GCC
|    builtin and then its argument prototype would still apply.  */
| #ifdef __cplusplus
| extern "C"
| #endif
| char getexecname ();
| /* The GNU C library defines this for functions which it implements
|     to always fail with ENOSYS.  Some functions are actually named
|     something starting with __ and the normal name is an alias.  */
| #if defined __stub_getexecname || defined __stub___getexecname
| choke me
| #endif
| 
| int
| main ()
| {
| return getexecname ();
|   ;
|   return 0;
| }
configure:13485: result: no
configure:13485: checking for canonicalize_file_name
configure:13485: gcc -o conftest -g -O2   conftest.c  >&5
Undefined symbols for architecture x86_64:
  "_canonicalize_file_name", referenced from:
      _main in conftest-mphmhC.o
ld: symbol(s) not found for architecture x86_64
clang: error: linker command failed with exit code 1 (use -v to see invocation)
configure:13485: $? = 1
configure: failed program was:
| /* confdefs.h */
| #define PACKAGE_NAME "GnuCOBOL"
| #define PACKAGE_TARNAME "gnu-cobol"
| #define PACKAGE_VERSION "2.0"
| #define PACKAGE_STRING "GnuCOBOL 2.0"
| #define PACKAGE_BUGREPORT "open-cobol-list@lists.sourceforge.net"
| #define PACKAGE_URL "http://www.opencobol.org"
| #define PACKAGE "gnu-cobol"
| #define VERSION "2.0"
| #define STDC_HEADERS 1
| #define HAVE_SYS_TYPES_H 1
| #define HAVE_SYS_STAT_H 1
| #define HAVE_STDLIB_H 1
| #define HAVE_STRING_H 1
| #define HAVE_MEMORY_H 1
| #define HAVE_STRINGS_H 1
| #define HAVE_INTTYPES_H 1
| #define HAVE_STDINT_H 1
| #define HAVE_UNISTD_H 1
| #define __EXTENSIONS__ 1
| #define _ALL_SOURCE 1
| #define _GNU_SOURCE 1
| #define _POSIX_PTHREAD_SEMANTICS 1
| #define _TANDEM_SOURCE 1
| #define HAVE_DLFCN_H 1
| #define LT_OBJDIR ".libs/"
| #define STDC_HEADERS 1
| #define HAVE_STDINT_H 1
| #define HAVE_SYS_TYPES_H 1
| #define HAVE_SIGNAL_H 1
| #define HAVE_FCNTL_H 1
| #define HAVE_LOCALE_H 1
| #define HAVE_STDDEF_H 1
| #define HAVE_WCHAR_H 1
| #define HAVE_DLFCN_H 1
| #define HAVE_SYS_TIME_H 1
| #define HAVE_SIG_ATOMIC_T 1
| #define COB_KEYWORD_INLINE __inline
| #define HAVE_VPRINTF 1
| #define HAVE_MEMMOVE 1
| #define HAVE_MEMSET 1
| #define HAVE_SETLOCALE 1
| #define HAVE_FCNTL 1
| #define HAVE_STRERROR 1
| #define HAVE_STRCASECMP 1
| #define HAVE_STRCHR 1
| #define HAVE_STRRCHR 1
| #define HAVE_STRDUP 1
| #define HAVE_STRSTR 1
| #define HAVE_STRTOL 1
| #define HAVE_GETTIMEOFDAY 1
| #define HAVE_LOCALECONV 1
| #define HAVE_READLINK 1
| /* end confdefs.h.  */
| /* Define canonicalize_file_name to an innocuous variant, in case <limits.h> declares canonicalize_file_name.
|    For example, HP-UX 11i <limits.h> declares gettimeofday.  */
| #define canonicalize_file_name innocuous_canonicalize_file_name
| 
| /* System header to define __stub macros and hopefully few prototypes,
|     which can conflict with char canonicalize_file_name (); below.
|     Prefer <limits.h> to <assert.h> if __STDC__ is defined, since
|     <limits.h> exists even on freestanding compilers.  */
| 
| #ifdef __STDC__
| # include <limits.h>
| #else
| # include <assert.h>
| #endif
| 
| #undef canonicalize_file_name
| 
| /* Override any GCC internal prototype to avoid an error.
|    Use char because int might match the return type of a GCC
|    builtin and then its argument prototype would still apply.  */
| #ifdef __cplusplus
| extern "C"
| #endif
| char canonicalize_file_name ();
| /* The GNU C library defines this for functions which it implements
|     to always fail with ENOSYS.  Some functions are actually named
|     something starting with __ and the normal name is an alias.  */
| #if defined __stub_canonicalize_file_name || defined __stub___canonicalize_file_name
| choke me
| #endif
| 
| int
| main ()
| {
| return canonicalize_file_name ();
|   ;
|   return 0;
| }
configure:13485: result: no
configure:13485: checking for realpath
configure:13485: gcc -o conftest -g -O2   conftest.c  >&5
configure:13485: $? = 0
configure:13485: result: yes
configure:13485: checking for strcoll
configure:13485: gcc -o conftest -g -O2   conftest.c  >&5
configure:13485: $? = 0
configure:13485: result: yes
configure:13485: checking for strxfrm
configure:13485: gcc -o conftest -g -O2   conftest.c  >&5
conftest.c:80:6: warning: incompatible redeclaration of library function 'strxfrm'
char strxfrm ();
     ^
conftest.c:80:6: note: 'strxfrm' is a builtin with type 'unsigned long (char *, const char *, unsigned long)'
1 warning generated.
configure:13485: $? = 0
configure:13485: result: yes
configure:13485: checking for setenv
configure:13485: gcc -o conftest -g -O2   conftest.c  >&5
configure:13485: $? = 0
configure:13485: result: yes
configure:13485: checking for raise
configure:13485: gcc -o conftest -g -O2   conftest.c  >&5
configure:13485: $? = 0
configure:13485: result: yes
configure:13496: checking for timezone variable access
configure:13509: gcc -c -g -O2  conftest.c >&5
configure:13509: $? = 0
configure:13511: result: yes
configure:13520: checking for designated initializers
configure:13536: gcc -c -g -O2  conftest.c >&5
configure:13536: $? = 0
configure:13538: result: yes
configure:13573: gcc -o conftest -g -O2   conftest.c  >&5
configure:13573: $? = 0
configure:13573: ./conftest
configure:13573: $? = 0
configure:13603: gcc -o conftest -g -O2   conftest.c  >&5
configure:13603: $? = 0
configure:13603: ./conftest
configure:13603: $? = 0
configure:13633: gcc -o conftest -g -O2   conftest.c  >&5
configure:13633: $? = 0
configure:13633: ./conftest
configure:13633: $? = 1
configure: program exited with status 1
configure: failed program was:
| /* confdefs.h */
| #define PACKAGE_NAME "GnuCOBOL"
| #define PACKAGE_TARNAME "gnu-cobol"
| #define PACKAGE_VERSION "2.0"
| #define PACKAGE_STRING "GnuCOBOL 2.0"
| #define PACKAGE_BUGREPORT "open-cobol-list@lists.sourceforge.net"
| #define PACKAGE_URL "http://www.opencobol.org"
| #define PACKAGE "gnu-cobol"
| #define VERSION "2.0"
| #define STDC_HEADERS 1
| #define HAVE_SYS_TYPES_H 1
| #define HAVE_SYS_STAT_H 1
| #define HAVE_STDLIB_H 1
| #define HAVE_STRING_H 1
| #define HAVE_MEMORY_H 1
| #define HAVE_STRINGS_H 1
| #define HAVE_INTTYPES_H 1
| #define HAVE_STDINT_H 1
| #define HAVE_UNISTD_H 1
| #define __EXTENSIONS__ 1
| #define _ALL_SOURCE 1
| #define _GNU_SOURCE 1
| #define _POSIX_PTHREAD_SEMANTICS 1
| #define _TANDEM_SOURCE 1
| #define HAVE_DLFCN_H 1
| #define LT_OBJDIR ".libs/"
| #define STDC_HEADERS 1
| #define HAVE_STDINT_H 1
| #define HAVE_SYS_TYPES_H 1
| #define HAVE_SIGNAL_H 1
| #define HAVE_FCNTL_H 1
| #define HAVE_LOCALE_H 1
| #define HAVE_STDDEF_H 1
| #define HAVE_WCHAR_H 1
| #define HAVE_DLFCN_H 1
| #define HAVE_SYS_TIME_H 1
| #define HAVE_SIG_ATOMIC_T 1
| #define COB_KEYWORD_INLINE __inline
| #define HAVE_VPRINTF 1
| #define HAVE_MEMMOVE 1
| #define HAVE_MEMSET 1
| #define HAVE_SETLOCALE 1
| #define HAVE_FCNTL 1
| #define HAVE_STRERROR 1
| #define HAVE_STRCASECMP 1
| #define HAVE_STRCHR 1
| #define HAVE_STRRCHR 1
| #define HAVE_STRDUP 1
| #define HAVE_STRSTR 1
| #define HAVE_STRTOL 1
| #define HAVE_GETTIMEOFDAY 1
| #define HAVE_LOCALECONV 1
| #define HAVE_READLINK 1
| #define HAVE_REALPATH 1
| #define HAVE_STRCOLL 1
| #define HAVE_STRXFRM 1
| #define HAVE_SETENV 1
| #define HAVE_RAISE 1
| #define HAVE_TIMEZONE 1
| #define HAVE_DESIGNATED_INITS 1
| /* end confdefs.h.  */
| 
| int
| main ()
| {
| 
| 	#ifdef __INTEL_COMPILER
| 	return 0;
| 	#else
| 	return 1;
| 	#endif
|   ;
|   return 0;
| }
configure:13993: Checks for GMP ...
configure:13997: checking gmp.h usability
configure:13997: gcc -c -g -O2  conftest.c >&5
configure:13997: $? = 0
configure:13997: result: yes
configure:13997: checking gmp.h presence
configure:13997: gcc -E  conftest.c
configure:13997: $? = 0
configure:13997: result: yes
configure:13997: checking for gmp.h
configure:13997: result: yes
configure:14010: checking for __gmpz_init in -lgmp
configure:14035: gcc -o conftest -g -O2   conftest.c -lgmp   >&5
configure:14035: $? = 0
configure:14044: result: yes
configure:14077: gcc -o conftest -g -O2   conftest.c  -lgmp >&5
configure:14077: $? = 0
configure:14077: ./conftest
configure:14077: $? = 0
configure:14111: gcc -o conftest -g -O2   conftest.c  -lgmp >&5
configure:14111: $? = 0
configure:14111: ./conftest
configure:14111: $? = 0
configure:14124: checking matching GMP version
configure:14130: result: yes (5.1)
configure:14142: checking for __gmp_get_memory_functions in -lgmp
configure:14167: gcc -o conftest -g -O2   conftest.c -lgmp   >&5
configure:14167: $? = 0
configure:14176: result: yes
configure:14186: checking for nanosleep
configure:14199: gcc -o conftest -g -O2   conftest.c  >&5
configure:14199: $? = 0
configure:14201: result: yes
configure:14316: checking for clock_gettime and CLOCK_REALTIME
configure:14329: gcc -o conftest -g -O2   conftest.c  >&5
conftest.c:71:1: warning: implicit declaration of function 'clock_gettime' is invalid in C99 [-Wimplicit-function-declaration]
clock_gettime (CLOCK_REALTIME, NULL);
^
conftest.c:71:16: error: use of undeclared identifier 'CLOCK_REALTIME'
clock_gettime (CLOCK_REALTIME, NULL);
               ^
1 warning and 1 error generated.
configure:14329: $? = 1
configure: failed program was:
| /* confdefs.h */
| #define PACKAGE_NAME "GnuCOBOL"
| #define PACKAGE_TARNAME "gnu-cobol"
| #define PACKAGE_VERSION "2.0"
| #define PACKAGE_STRING "GnuCOBOL 2.0"
| #define PACKAGE_BUGREPORT "open-cobol-list@lists.sourceforge.net"
| #define PACKAGE_URL "http://www.opencobol.org"
| #define PACKAGE "gnu-cobol"
| #define VERSION "2.0"
| #define STDC_HEADERS 1
| #define HAVE_SYS_TYPES_H 1
| #define HAVE_SYS_STAT_H 1
| #define HAVE_STDLIB_H 1
| #define HAVE_STRING_H 1
| #define HAVE_MEMORY_H 1
| #define HAVE_STRINGS_H 1
| #define HAVE_INTTYPES_H 1
| #define HAVE_STDINT_H 1
| #define HAVE_UNISTD_H 1
| #define __EXTENSIONS__ 1
| #define _ALL_SOURCE 1
| #define _GNU_SOURCE 1
| #define _POSIX_PTHREAD_SEMANTICS 1
| #define _TANDEM_SOURCE 1
| #define HAVE_DLFCN_H 1
| #define LT_OBJDIR ".libs/"
| #define STDC_HEADERS 1
| #define HAVE_STDINT_H 1
| #define HAVE_SYS_TYPES_H 1
| #define HAVE_SIGNAL_H 1
| #define HAVE_FCNTL_H 1
| #define HAVE_LOCALE_H 1
| #define HAVE_STDDEF_H 1
| #define HAVE_WCHAR_H 1
| #define HAVE_DLFCN_H 1
| #define HAVE_SYS_TIME_H 1
| #define HAVE_SIG_ATOMIC_T 1
| #define COB_KEYWORD_INLINE __inline
| #define HAVE_VPRINTF 1
| #define HAVE_MEMMOVE 1
| #define HAVE_MEMSET 1
| #define HAVE_SETLOCALE 1
| #define HAVE_FCNTL 1
| #define HAVE_STRERROR 1
| #define HAVE_STRCASECMP 1
| #define HAVE_STRCHR 1
| #define HAVE_STRRCHR 1
| #define HAVE_STRDUP 1
| #define HAVE_STRSTR 1
| #define HAVE_STRTOL 1
| #define HAVE_GETTIMEOFDAY 1
| #define HAVE_LOCALECONV 1
| #define HAVE_READLINK 1
| #define HAVE_REALPATH 1
| #define HAVE_STRCOLL 1
| #define HAVE_STRXFRM 1
| #define HAVE_SETENV 1
| #define HAVE_RAISE 1
| #define HAVE_TIMEZONE 1
| #define HAVE_DESIGNATED_INITS 1
| #define PATCH_LEVEL 0
| #define WITH_VARSEQ 0
| #define HAVE_GMP_H 1
| #define HAVE_MP_GET_MEMORY_FUNCTIONS 1
| #define HAVE_NANO_SLEEP 1
| /* end confdefs.h.  */
| #include <time.h>
| int
| main ()
| {
| clock_gettime (CLOCK_REALTIME, NULL);
|   ;
|   return 0;
| }
configure:14334: result: no
configure:14349: checking prototype for finite in <math.h>
configure:14358: result: yes
configure:14389: checking for fdatasync
configure:14389: gcc -o conftest -g -O2   conftest.c  >&5
configure:14389: $? = 0
configure:14389: result: yes
configure:14389: checking for sigaction
configure:14389: gcc -o conftest -g -O2   conftest.c  >&5
configure:14389: $? = 0
configure:14389: result: yes
configure:14433: gcc -o conftest -g -O2   conftest.c  >&5
configure:14433: $? = 0
configure:14433: ./conftest
configure:14433: $? = 1
configure: program exited with status 1
configure: failed program was:
| /* confdefs.h */
| #define PACKAGE_NAME "GnuCOBOL"
| #define PACKAGE_TARNAME "gnu-cobol"
| #define PACKAGE_VERSION "2.0"
| #define PACKAGE_STRING "GnuCOBOL 2.0"
| #define PACKAGE_BUGREPORT "open-cobol-list@lists.sourceforge.net"
| #define PACKAGE_URL "http://www.opencobol.org"
| #define PACKAGE "gnu-cobol"
| #define VERSION "2.0"
| #define STDC_HEADERS 1
| #define HAVE_SYS_TYPES_H 1
| #define HAVE_SYS_STAT_H 1
| #define HAVE_STDLIB_H 1
| #define HAVE_STRING_H 1
| #define HAVE_MEMORY_H 1
| #define HAVE_STRINGS_H 1
| #define HAVE_INTTYPES_H 1
| #define HAVE_STDINT_H 1
| #define HAVE_UNISTD_H 1
| #define __EXTENSIONS__ 1
| #define _ALL_SOURCE 1
| #define _GNU_SOURCE 1
| #define _POSIX_PTHREAD_SEMANTICS 1
| #define _TANDEM_SOURCE 1
| #define HAVE_DLFCN_H 1
| #define LT_OBJDIR ".libs/"
| #define STDC_HEADERS 1
| #define HAVE_STDINT_H 1
| #define HAVE_SYS_TYPES_H 1
| #define HAVE_SIGNAL_H 1
| #define HAVE_FCNTL_H 1
| #define HAVE_LOCALE_H 1
| #define HAVE_STDDEF_H 1
| #define HAVE_WCHAR_H 1
| #define HAVE_DLFCN_H 1
| #define HAVE_SYS_TIME_H 1
| #define HAVE_SIG_ATOMIC_T 1
| #define COB_KEYWORD_INLINE __inline
| #define HAVE_VPRINTF 1
| #define HAVE_MEMMOVE 1
| #define HAVE_MEMSET 1
| #define HAVE_SETLOCALE 1
| #define HAVE_FCNTL 1
| #define HAVE_STRERROR 1
| #define HAVE_STRCASECMP 1
| #define HAVE_STRCHR 1
| #define HAVE_STRRCHR 1
| #define HAVE_STRDUP 1
| #define HAVE_STRSTR 1
| #define HAVE_STRTOL 1
| #define HAVE_GETTIMEOFDAY 1
| #define HAVE_LOCALECONV 1
| #define HAVE_READLINK 1
| #define HAVE_REALPATH 1
| #define HAVE_STRCOLL 1
| #define HAVE_STRXFRM 1
| #define HAVE_SETENV 1
| #define HAVE_RAISE 1
| #define HAVE_TIMEZONE 1
| #define HAVE_DESIGNATED_INITS 1
| #define PATCH_LEVEL 0
| #define WITH_VARSEQ 0
| #define HAVE_GMP_H 1
| #define HAVE_MP_GET_MEMORY_FUNCTIONS 1
| #define HAVE_NANO_SLEEP 1
| #define HAVE_FDATASYNC 1
| #define HAVE_SIGACTION 1
| /* end confdefs.h.  */
| 
| int
| main ()
| {
| 
| 	#ifdef __CYGWIN__
| 	return 0;
| 	#else
| 	return 1;
| 	#endif
|   ;
|   return 0;
| }
configure:14442: checking whether NLS is requested
configure:14451: result: yes
configure:14491: checking for msgfmt
configure: trying /opt/local/bin/msgfmt...
0 translated messages.
configure:14523: result: /opt/local/bin/msgfmt
configure:14532: checking for gmsgfmt
configure:14563: result: /opt/local/bin/msgfmt
configure:14613: checking for xgettext
configure: trying /opt/local/bin/xgettext...
/opt/local/bin/xgettext: warning: file '/dev/null' extension '' is unknown; will try C
configure:14645: result: /opt/local/bin/xgettext
configure:14690: checking for msgmerge
configure: trying /opt/local/bin/msgmerge...
configure:14721: result: /opt/local/bin/msgmerge
configure:15307: checking for CFPreferencesCopyAppValue
configure:15325: gcc -o conftest -g -O2   conftest.c  -Wl,-framework -Wl,CoreFoundation >&5
configure:15325: $? = 0
configure:15334: result: yes
configure:15341: checking for CFLocaleCopyCurrent
configure:15359: gcc -o conftest -g -O2   conftest.c  -Wl,-framework -Wl,CoreFoundation >&5
configure:15359: $? = 0
configure:15368: result: yes
configure:15417: checking for GNU gettext in libc
configure:15441: gcc -o conftest -g -O2   conftest.c  >&5
conftest.c:72:10: fatal error: 'libintl.h' file not found
#include <libintl.h>
         ^
1 error generated.
configure:15441: $? = 1
configure: failed program was:
| /* confdefs.h */
| #define PACKAGE_NAME "GnuCOBOL"
| #define PACKAGE_TARNAME "gnu-cobol"
| #define PACKAGE_VERSION "2.0"
| #define PACKAGE_STRING "GnuCOBOL 2.0"
| #define PACKAGE_BUGREPORT "open-cobol-list@lists.sourceforge.net"
| #define PACKAGE_URL "http://www.opencobol.org"
| #define PACKAGE "gnu-cobol"
| #define VERSION "2.0"
| #define STDC_HEADERS 1
| #define HAVE_SYS_TYPES_H 1
| #define HAVE_SYS_STAT_H 1
| #define HAVE_STDLIB_H 1
| #define HAVE_STRING_H 1
| #define HAVE_MEMORY_H 1
| #define HAVE_STRINGS_H 1
| #define HAVE_INTTYPES_H 1
| #define HAVE_STDINT_H 1
| #define HAVE_UNISTD_H 1
| #define __EXTENSIONS__ 1
| #define _ALL_SOURCE 1
| #define _GNU_SOURCE 1
| #define _POSIX_PTHREAD_SEMANTICS 1
| #define _TANDEM_SOURCE 1
| #define HAVE_DLFCN_H 1
| #define LT_OBJDIR ".libs/"
| #define STDC_HEADERS 1
| #define HAVE_STDINT_H 1
| #define HAVE_SYS_TYPES_H 1
| #define HAVE_SIGNAL_H 1
| #define HAVE_FCNTL_H 1
| #define HAVE_LOCALE_H 1
| #define HAVE_STDDEF_H 1
| #define HAVE_WCHAR_H 1
| #define HAVE_DLFCN_H 1
| #define HAVE_SYS_TIME_H 1
| #define HAVE_SIG_ATOMIC_T 1
| #define COB_KEYWORD_INLINE __inline
| #define HAVE_VPRINTF 1
| #define HAVE_MEMMOVE 1
| #define HAVE_MEMSET 1
| #define HAVE_SETLOCALE 1
| #define HAVE_FCNTL 1
| #define HAVE_STRERROR 1
| #define HAVE_STRCASECMP 1
| #define HAVE_STRCHR 1
| #define HAVE_STRRCHR 1
| #define HAVE_STRDUP 1
| #define HAVE_STRSTR 1
| #define HAVE_STRTOL 1
| #define HAVE_GETTIMEOFDAY 1
| #define HAVE_LOCALECONV 1
| #define HAVE_READLINK 1
| #define HAVE_REALPATH 1
| #define HAVE_STRCOLL 1
| #define HAVE_STRXFRM 1
| #define HAVE_SETENV 1
| #define HAVE_RAISE 1
| #define HAVE_TIMEZONE 1
| #define HAVE_DESIGNATED_INITS 1
| #define PATCH_LEVEL 0
| #define WITH_VARSEQ 0
| #define HAVE_GMP_H 1
| #define HAVE_MP_GET_MEMORY_FUNCTIONS 1
| #define HAVE_NANO_SLEEP 1
| #define HAVE_FDATASYNC 1
| #define HAVE_SIGACTION 1
| #define HAVE_CFPREFERENCESCOPYAPPVALUE 1
| #define HAVE_CFLOCALECOPYCURRENT 1
| /* end confdefs.h.  */
| 
| #include <libintl.h>
| 
| extern int _nl_msg_cat_cntr;
| extern int *_nl_domain_bindings;
| 
| int
| main ()
| {
| 
| bindtextdomain ("", "");
| return * gettext ("") + _nl_msg_cat_cntr + *_nl_domain_bindings
| 
|   ;
|   return 0;
| }
configure:15450: result: no
configure:15484: checking for iconv
configure:15508: gcc -o conftest -g -O2   conftest.c  >&5
Undefined symbols for architecture x86_64:
  "_iconv", referenced from:
      _main in conftest-MBX7Wz.o
  "_iconv_close", referenced from:
      _main in conftest-MBX7Wz.o
  "_iconv_open", referenced from:
      _main in conftest-MBX7Wz.o
ld: symbol(s) not found for architecture x86_64
clang: error: linker command failed with exit code 1 (use -v to see invocation)
configure:15508: $? = 1
configure: failed program was:
| /* confdefs.h */
| #define PACKAGE_NAME "GnuCOBOL"
| #define PACKAGE_TARNAME "gnu-cobol"
| #define PACKAGE_VERSION "2.0"
| #define PACKAGE_STRING "GnuCOBOL 2.0"
| #define PACKAGE_BUGREPORT "open-cobol-list@lists.sourceforge.net"
| #define PACKAGE_URL "http://www.opencobol.org"
| #define PACKAGE "gnu-cobol"
| #define VERSION "2.0"
| #define STDC_HEADERS 1
| #define HAVE_SYS_TYPES_H 1
| #define HAVE_SYS_STAT_H 1
| #define HAVE_STDLIB_H 1
| #define HAVE_STRING_H 1
| #define HAVE_MEMORY_H 1
| #define HAVE_STRINGS_H 1
| #define HAVE_INTTYPES_H 1
| #define HAVE_STDINT_H 1
| #define HAVE_UNISTD_H 1
| #define __EXTENSIONS__ 1
| #define _ALL_SOURCE 1
| #define _GNU_SOURCE 1
| #define _POSIX_PTHREAD_SEMANTICS 1
| #define _TANDEM_SOURCE 1
| #define HAVE_DLFCN_H 1
| #define LT_OBJDIR ".libs/"
| #define STDC_HEADERS 1
| #define HAVE_STDINT_H 1
| #define HAVE_SYS_TYPES_H 1
| #define HAVE_SIGNAL_H 1
| #define HAVE_FCNTL_H 1
| #define HAVE_LOCALE_H 1
| #define HAVE_STDDEF_H 1
| #define HAVE_WCHAR_H 1
| #define HAVE_DLFCN_H 1
| #define HAVE_SYS_TIME_H 1
| #define HAVE_SIG_ATOMIC_T 1
| #define COB_KEYWORD_INLINE __inline
| #define HAVE_VPRINTF 1
| #define HAVE_MEMMOVE 1
| #define HAVE_MEMSET 1
| #define HAVE_SETLOCALE 1
| #define HAVE_FCNTL 1
| #define HAVE_STRERROR 1
| #define HAVE_STRCASECMP 1
| #define HAVE_STRCHR 1
| #define HAVE_STRRCHR 1
| #define HAVE_STRDUP 1
| #define HAVE_STRSTR 1
| #define HAVE_STRTOL 1
| #define HAVE_GETTIMEOFDAY 1
| #define HAVE_LOCALECONV 1
| #define HAVE_READLINK 1
| #define HAVE_REALPATH 1
| #define HAVE_STRCOLL 1
| #define HAVE_STRXFRM 1
| #define HAVE_SETENV 1
| #define HAVE_RAISE 1
| #define HAVE_TIMEZONE 1
| #define HAVE_DESIGNATED_INITS 1
| #define PATCH_LEVEL 0
| #define WITH_VARSEQ 0
| #define HAVE_GMP_H 1
| #define HAVE_MP_GET_MEMORY_FUNCTIONS 1
| #define HAVE_NANO_SLEEP 1
| #define HAVE_FDATASYNC 1
| #define HAVE_SIGACTION 1
| #define HAVE_CFPREFERENCESCOPYAPPVALUE 1
| #define HAVE_CFLOCALECOPYCURRENT 1
| /* end confdefs.h.  */
| 
| #include <stdlib.h>
| #include <iconv.h>
| 
| int
| main ()
| {
| iconv_t cd = iconv_open("","");
|            iconv(cd,NULL,NULL,NULL,NULL);
|            iconv_close(cd);
|   ;
|   return 0;
| }
configure:15532: gcc -o conftest -g -O2   conftest.c  -liconv >&5
configure:15532: $? = 0
configure:15542: result: yes
configure:15545: checking for working iconv
configure:15674: gcc -o conftest -g -O2   conftest.c  -liconv >&5
configure:15674: $? = 0
configure:15674: ./conftest
configure:15674: $? = 0
configure:15686: result: yes
configure:15701: checking how to link with libiconv
configure:15703: result: -liconv
configure:16175: checking for GNU gettext in libintl
configure:16207: gcc -o conftest -g -O2    conftest.c  -lintl >&5
conftest.c:73:10: fatal error: 'libintl.h' file not found
#include <libintl.h>
         ^
1 error generated.
configure:16207: $? = 1
configure: failed program was:
| /* confdefs.h */
| #define PACKAGE_NAME "GnuCOBOL"
| #define PACKAGE_TARNAME "gnu-cobol"
| #define PACKAGE_VERSION "2.0"
| #define PACKAGE_STRING "GnuCOBOL 2.0"
| #define PACKAGE_BUGREPORT "open-cobol-list@lists.sourceforge.net"
| #define PACKAGE_URL "http://www.opencobol.org"
| #define PACKAGE "gnu-cobol"
| #define VERSION "2.0"
| #define STDC_HEADERS 1
| #define HAVE_SYS_TYPES_H 1
| #define HAVE_SYS_STAT_H 1
| #define HAVE_STDLIB_H 1
| #define HAVE_STRING_H 1
| #define HAVE_MEMORY_H 1
| #define HAVE_STRINGS_H 1
| #define HAVE_INTTYPES_H 1
| #define HAVE_STDINT_H 1
| #define HAVE_UNISTD_H 1
| #define __EXTENSIONS__ 1
| #define _ALL_SOURCE 1
| #define _GNU_SOURCE 1
| #define _POSIX_PTHREAD_SEMANTICS 1
| #define _TANDEM_SOURCE 1
| #define HAVE_DLFCN_H 1
| #define LT_OBJDIR ".libs/"
| #define STDC_HEADERS 1
| #define HAVE_STDINT_H 1
| #define HAVE_SYS_TYPES_H 1
| #define HAVE_SIGNAL_H 1
| #define HAVE_FCNTL_H 1
| #define HAVE_LOCALE_H 1
| #define HAVE_STDDEF_H 1
| #define HAVE_WCHAR_H 1
| #define HAVE_DLFCN_H 1
| #define HAVE_SYS_TIME_H 1
| #define HAVE_SIG_ATOMIC_T 1
| #define COB_KEYWORD_INLINE __inline
| #define HAVE_VPRINTF 1
| #define HAVE_MEMMOVE 1
| #define HAVE_MEMSET 1
| #define HAVE_SETLOCALE 1
| #define HAVE_FCNTL 1
| #define HAVE_STRERROR 1
| #define HAVE_STRCASECMP 1
| #define HAVE_STRCHR 1
| #define HAVE_STRRCHR 1
| #define HAVE_STRDUP 1
| #define HAVE_STRSTR 1
| #define HAVE_STRTOL 1
| #define HAVE_GETTIMEOFDAY 1
| #define HAVE_LOCALECONV 1
| #define HAVE_READLINK 1
| #define HAVE_REALPATH 1
| #define HAVE_STRCOLL 1
| #define HAVE_STRXFRM 1
| #define HAVE_SETENV 1
| #define HAVE_RAISE 1
| #define HAVE_TIMEZONE 1
| #define HAVE_DESIGNATED_INITS 1
| #define PATCH_LEVEL 0
| #define WITH_VARSEQ 0
| #define HAVE_GMP_H 1
| #define HAVE_MP_GET_MEMORY_FUNCTIONS 1
| #define HAVE_NANO_SLEEP 1
| #define HAVE_FDATASYNC 1
| #define HAVE_SIGACTION 1
| #define HAVE_CFPREFERENCESCOPYAPPVALUE 1
| #define HAVE_CFLOCALECOPYCURRENT 1
| #define HAVE_ICONV 1
| /* end confdefs.h.  */
| 
| #include <libintl.h>
| 
| extern int _nl_msg_cat_cntr;
| extern
| #ifdef __cplusplus
| "C"
| #endif
| const char *_nl_expand_alias (const char *);
| 
| int
| main ()
| {
| 
| bindtextdomain ("", "");
| return * gettext ("") + _nl_msg_cat_cntr + *_nl_expand_alias ("")
| 
|   ;
|   return 0;
| }
configure:16239: gcc -o conftest -g -O2    conftest.c  -lintl -liconv >&5
conftest.c:73:10: fatal error: 'libintl.h' file not found
#include <libintl.h>
         ^
1 error generated.
configure:16239: $? = 1
configure: failed program was:
| /* confdefs.h */
| #define PACKAGE_NAME "GnuCOBOL"
| #define PACKAGE_TARNAME "gnu-cobol"
| #define PACKAGE_VERSION "2.0"
| #define PACKAGE_STRING "GnuCOBOL 2.0"
| #define PACKAGE_BUGREPORT "open-cobol-list@lists.sourceforge.net"
| #define PACKAGE_URL "http://www.opencobol.org"
| #define PACKAGE "gnu-cobol"
| #define VERSION "2.0"
| #define STDC_HEADERS 1
| #define HAVE_SYS_TYPES_H 1
| #define HAVE_SYS_STAT_H 1
| #define HAVE_STDLIB_H 1
| #define HAVE_STRING_H 1
| #define HAVE_MEMORY_H 1
| #define HAVE_STRINGS_H 1
| #define HAVE_INTTYPES_H 1
| #define HAVE_STDINT_H 1
| #define HAVE_UNISTD_H 1
| #define __EXTENSIONS__ 1
| #define _ALL_SOURCE 1
| #define _GNU_SOURCE 1
| #define _POSIX_PTHREAD_SEMANTICS 1
| #define _TANDEM_SOURCE 1
| #define HAVE_DLFCN_H 1
| #define LT_OBJDIR ".libs/"
| #define STDC_HEADERS 1
| #define HAVE_STDINT_H 1
| #define HAVE_SYS_TYPES_H 1
| #define HAVE_SIGNAL_H 1
| #define HAVE_FCNTL_H 1
| #define HAVE_LOCALE_H 1
| #define HAVE_STDDEF_H 1
| #define HAVE_WCHAR_H 1
| #define HAVE_DLFCN_H 1
| #define HAVE_SYS_TIME_H 1
| #define HAVE_SIG_ATOMIC_T 1
| #define COB_KEYWORD_INLINE __inline
| #define HAVE_VPRINTF 1
| #define HAVE_MEMMOVE 1
| #define HAVE_MEMSET 1
| #define HAVE_SETLOCALE 1
| #define HAVE_FCNTL 1
| #define HAVE_STRERROR 1
| #define HAVE_STRCASECMP 1
| #define HAVE_STRCHR 1
| #define HAVE_STRRCHR 1
| #define HAVE_STRDUP 1
| #define HAVE_STRSTR 1
| #define HAVE_STRTOL 1
| #define HAVE_GETTIMEOFDAY 1
| #define HAVE_LOCALECONV 1
| #define HAVE_READLINK 1
| #define HAVE_REALPATH 1
| #define HAVE_STRCOLL 1
| #define HAVE_STRXFRM 1
| #define HAVE_SETENV 1
| #define HAVE_RAISE 1
| #define HAVE_TIMEZONE 1
| #define HAVE_DESIGNATED_INITS 1
| #define PATCH_LEVEL 0
| #define WITH_VARSEQ 0
| #define HAVE_GMP_H 1
| #define HAVE_MP_GET_MEMORY_FUNCTIONS 1
| #define HAVE_NANO_SLEEP 1
| #define HAVE_FDATASYNC 1
| #define HAVE_SIGACTION 1
| #define HAVE_CFPREFERENCESCOPYAPPVALUE 1
| #define HAVE_CFLOCALECOPYCURRENT 1
| #define HAVE_ICONV 1
| /* end confdefs.h.  */
| 
| #include <libintl.h>
| 
| extern int _nl_msg_cat_cntr;
| extern
| #ifdef __cplusplus
| "C"
| #endif
| const char *_nl_expand_alias (const char *);
| 
| int
| main ()
| {
| 
| bindtextdomain ("", "");
| return * gettext ("") + _nl_msg_cat_cntr + *_nl_expand_alias ("")
| 
|   ;
|   return 0;
| }
configure:16252: result: no
configure:16287: checking whether to use NLS
configure:16289: result: no
configure:16369: checking for nl_langinfo and CODESET
configure:16385: gcc -o conftest -g -O2   conftest.c  >&5
configure:16385: $? = 0
configure:16394: result: yes
configure:16404: Checks for curses ...
configure:16408: checking for initscr in -lncursesw
configure:16433: gcc -o conftest -g -O2   conftest.c -lncursesw   >&5
ld: library not found for -lncursesw
clang: error: linker command failed with exit code 1 (use -v to see invocation)
configure:16433: $? = 1
configure: failed program was:
| /* confdefs.h */
| #define PACKAGE_NAME "GnuCOBOL"
| #define PACKAGE_TARNAME "gnu-cobol"
| #define PACKAGE_VERSION "2.0"
| #define PACKAGE_STRING "GnuCOBOL 2.0"
| #define PACKAGE_BUGREPORT "open-cobol-list@lists.sourceforge.net"
| #define PACKAGE_URL "http://www.opencobol.org"
| #define PACKAGE "gnu-cobol"
| #define VERSION "2.0"
| #define STDC_HEADERS 1
| #define HAVE_SYS_TYPES_H 1
| #define HAVE_SYS_STAT_H 1
| #define HAVE_STDLIB_H 1
| #define HAVE_STRING_H 1
| #define HAVE_MEMORY_H 1
| #define HAVE_STRINGS_H 1
| #define HAVE_INTTYPES_H 1
| #define HAVE_STDINT_H 1
| #define HAVE_UNISTD_H 1
| #define __EXTENSIONS__ 1
| #define _ALL_SOURCE 1
| #define _GNU_SOURCE 1
| #define _POSIX_PTHREAD_SEMANTICS 1
| #define _TANDEM_SOURCE 1
| #define HAVE_DLFCN_H 1
| #define LT_OBJDIR ".libs/"
| #define STDC_HEADERS 1
| #define HAVE_STDINT_H 1
| #define HAVE_SYS_TYPES_H 1
| #define HAVE_SIGNAL_H 1
| #define HAVE_FCNTL_H 1
| #define HAVE_LOCALE_H 1
| #define HAVE_STDDEF_H 1
| #define HAVE_WCHAR_H 1
| #define HAVE_DLFCN_H 1
| #define HAVE_SYS_TIME_H 1
| #define HAVE_SIG_ATOMIC_T 1
| #define COB_KEYWORD_INLINE __inline
| #define HAVE_VPRINTF 1
| #define HAVE_MEMMOVE 1
| #define HAVE_MEMSET 1
| #define HAVE_SETLOCALE 1
| #define HAVE_FCNTL 1
| #define HAVE_STRERROR 1
| #define HAVE_STRCASECMP 1
| #define HAVE_STRCHR 1
| #define HAVE_STRRCHR 1
| #define HAVE_STRDUP 1
| #define HAVE_STRSTR 1
| #define HAVE_STRTOL 1
| #define HAVE_GETTIMEOFDAY 1
| #define HAVE_LOCALECONV 1
| #define HAVE_READLINK 1
| #define HAVE_REALPATH 1
| #define HAVE_STRCOLL 1
| #define HAVE_STRXFRM 1
| #define HAVE_SETENV 1
| #define HAVE_RAISE 1
| #define HAVE_TIMEZONE 1
| #define HAVE_DESIGNATED_INITS 1
| #define PATCH_LEVEL 0
| #define WITH_VARSEQ 0
| #define HAVE_GMP_H 1
| #define HAVE_MP_GET_MEMORY_FUNCTIONS 1
| #define HAVE_NANO_SLEEP 1
| #define HAVE_FDATASYNC 1
| #define HAVE_SIGACTION 1
| #define HAVE_CFPREFERENCESCOPYAPPVALUE 1
| #define HAVE_CFLOCALECOPYCURRENT 1
| #define HAVE_ICONV 1
| #define HAVE_LANGINFO_CODESET 1
| /* end confdefs.h.  */
| 
| /* Override any GCC internal prototype to avoid an error.
|    Use char because int might match the return type of a GCC
|    builtin and then its argument prototype would still apply.  */
| #ifdef __cplusplus
| extern "C"
| #endif
| char initscr ();
| int
| main ()
| {
| return initscr ();
|   ;
|   return 0;
| }
configure:16442: result: no
configure:16494: checking for initscr in -lncurses
configure:16519: gcc -o conftest -g -O2   conftest.c -lncurses   >&5
configure:16519: $? = 0
configure:16528: result: yes
configure:16542: checking ncurses.h usability
configure:16542: gcc -c -g -O2  conftest.c >&5
configure:16542: $? = 0
configure:16542: result: yes
configure:16542: checking ncurses.h presence
configure:16542: gcc -E  conftest.c
configure:16542: $? = 0
configure:16542: result: yes
configure:16542: checking for ncurses.h
configure:16542: result: yes
configure:16788: checking for ncurses _nc_freeall function
configure:16802: gcc -o conftest -g -O2   conftest.c -lncurses  >&5
configure:16802: $? = 0
configure:16804: result: yes
configure:16812: checking for ncurses use_legacy_coding function
configure:16826: gcc -o conftest -g -O2   conftest.c -lncurses  >&5
configure:16826: $? = 0
configure:16828: result: yes
configure:16839: checking for curses color_set function
configure:16866: gcc -o conftest -g -O2   conftest.c -lncurses  >&5
configure:16866: $? = 0
configure:16868: result: yes
configure:16880: Checks for Berkeley DB ...
configure:16885: checking db.h usability
configure:16885: gcc -c -g -O2  conftest.c >&5
configure:16885: $? = 0
configure:16885: result: yes
configure:16885: checking db.h presence
configure:16885: gcc -E  conftest.c
configure:16885: $? = 0
configure:16885: result: yes
configure:16885: checking for db.h
configure:16885: result: yes
configure:16920: gcc -o conftest -g -O2   conftest.c -lncurses  >&5
configure:16920: $? = 0
configure:16920: ./conftest
configure:16920: $? = 0
configure:16932: checking for Berkeley DB db.h version >= 4.1
configure:16936: result: yes (5.3)
configure:16951: checking for Berkeley DB library with version 5.3
configure:16980: gcc -o conftest -g -O2   conftest.c -lncurses  -ldb >&5
configure:16980: $? = 0
configure:16980: ./conftest
configure:16980: $? = 0
configure:16994: result: yes
configure:16996: BDB library version 5.3 found as -ldb
configure:17033: gcc -o conftest -g -O2   conftest.c -lncurses  >&5
configure:17033: $? = 0
configure:17033: ./conftest
configure:17033: $? = 1
configure: program exited with status 1
configure: failed program was:
| /* confdefs.h */
| #define PACKAGE_NAME "GnuCOBOL"
| #define PACKAGE_TARNAME "gnu-cobol"
| #define PACKAGE_VERSION "2.0"
| #define PACKAGE_STRING "GnuCOBOL 2.0"
| #define PACKAGE_BUGREPORT "open-cobol-list@lists.sourceforge.net"
| #define PACKAGE_URL "http://www.opencobol.org"
| #define PACKAGE "gnu-cobol"
| #define VERSION "2.0"
| #define STDC_HEADERS 1
| #define HAVE_SYS_TYPES_H 1
| #define HAVE_SYS_STAT_H 1
| #define HAVE_STDLIB_H 1
| #define HAVE_STRING_H 1
| #define HAVE_MEMORY_H 1
| #define HAVE_STRINGS_H 1
| #define HAVE_INTTYPES_H 1
| #define HAVE_STDINT_H 1
| #define HAVE_UNISTD_H 1
| #define __EXTENSIONS__ 1
| #define _ALL_SOURCE 1
| #define _GNU_SOURCE 1
| #define _POSIX_PTHREAD_SEMANTICS 1
| #define _TANDEM_SOURCE 1
| #define HAVE_DLFCN_H 1
| #define LT_OBJDIR ".libs/"
| #define STDC_HEADERS 1
| #define HAVE_STDINT_H 1
| #define HAVE_SYS_TYPES_H 1
| #define HAVE_SIGNAL_H 1
| #define HAVE_FCNTL_H 1
| #define HAVE_LOCALE_H 1
| #define HAVE_STDDEF_H 1
| #define HAVE_WCHAR_H 1
| #define HAVE_DLFCN_H 1
| #define HAVE_SYS_TIME_H 1
| #define HAVE_SIG_ATOMIC_T 1
| #define COB_KEYWORD_INLINE __inline
| #define HAVE_VPRINTF 1
| #define HAVE_MEMMOVE 1
| #define HAVE_MEMSET 1
| #define HAVE_SETLOCALE 1
| #define HAVE_FCNTL 1
| #define HAVE_STRERROR 1
| #define HAVE_STRCASECMP 1
| #define HAVE_STRCHR 1
| #define HAVE_STRRCHR 1
| #define HAVE_STRDUP 1
| #define HAVE_STRSTR 1
| #define HAVE_STRTOL 1
| #define HAVE_GETTIMEOFDAY 1
| #define HAVE_LOCALECONV 1
| #define HAVE_READLINK 1
| #define HAVE_REALPATH 1
| #define HAVE_STRCOLL 1
| #define HAVE_STRXFRM 1
| #define HAVE_SETENV 1
| #define HAVE_RAISE 1
| #define HAVE_TIMEZONE 1
| #define HAVE_DESIGNATED_INITS 1
| #define PATCH_LEVEL 0
| #define WITH_VARSEQ 0
| #define HAVE_GMP_H 1
| #define HAVE_MP_GET_MEMORY_FUNCTIONS 1
| #define HAVE_NANO_SLEEP 1
| #define HAVE_FDATASYNC 1
| #define HAVE_SIGACTION 1
| #define HAVE_CFPREFERENCESCOPYAPPVALUE 1
| #define HAVE_CFLOCALECOPYCURRENT 1
| #define HAVE_ICONV 1
| #define HAVE_LANGINFO_CODESET 1
| #define HAVE_LIBNCURSES 1
| #define HAVE_NCURSES_H 1
| #define WITH_CURSES "ncurses"
| #define HAVE_CURSES_FREEALL 1
| #define HAVE_USE_LEGACY_CODING 1
| #define HAVE_COLOR_SET 1
| #define HAVE_DB_H 1
| #define WITH_DB 1
| /* end confdefs.h.  */
| 
| int
| main ()
| {
| 
| 	#ifdef _WIN32
| 	return 0;
| 	#else
| 	return 1;
| 	#endif
|   ;
|   return 0;
| }
configure:17043: checking for dlopen in -lc
configure:17068: gcc -o conftest -g -O2   conftest.c -lc  -lncurses  >&5
configure:17068: $? = 0
configure:17077: result: yes
configure:17260: checking for dladdr in -lc
configure:17285: gcc -o conftest -g -O2   conftest.c -lc  -lncurses  >&5
configure:17285: $? = 0
configure:17294: result: yes
configure:17365: checking for working strftime
configure:17397: gcc -o conftest -g -O2   conftest.c -lncurses  >&5
configure:17397: $? = 0
configure:17397: ./conftest
configure:17397: $? = 0
configure:17399: result: yes
configure:17411: checking if size of long int = size of long long
configure:17434: gcc -o conftest -g -O2   conftest.c -lncurses  >&5
configure:17434: $? = 0
configure:17434: ./conftest
configure:17434: $? = 0
configure:17436: result: yes
configure:17451: checking for gcc pointer sign option
configure:17464: gcc -c -g -O2 -Wno-pointer-sign  conftest.c >&5
configure:17464: $? = 0
configure:17466: result: yes
configure:17501: checking for aligned attribute
configure:17514: gcc -c -g -O2  conftest.c >&5
configure:17514: $? = 0
configure:17516: result: yes
configure:17938: checking that generated files are newer than configure
configure:17944: result: done
configure:17976: creating ./config.status

## ---------------------- ##
## Running config.status. ##
## ---------------------- ##

This file was extended by GnuCOBOL config.status 2.0, which was
generated by GNU Autoconf 2.69.  Invocation command line was

  CONFIG_FILES    = 
  CONFIG_HEADERS  = 
  CONFIG_LINKS    = 
  CONFIG_COMMANDS = 
  $ ./config.status 

on mac-mini.domain

config.status:1222: creating bin/cob-config
config.status:1222: creating Makefile
config.status:1222: creating libcob/Makefile
config.status:1222: creating lib/Makefile
config.status:1222: creating cobc/Makefile
config.status:1222: creating bin/Makefile
config.status:1222: creating po/Makefile.in
config.status:1222: creating doc/Makefile
config.status:1222: creating config/Makefile
config.status:1222: creating copy/Makefile
config.status:1222: creating tests/atlocal
config.status:1222: creating tests/Makefile
config.status:1222: creating tests/cobol85/Makefile
config.status:1222: creating extras/Makefile
config.status:1222: creating config.h
config.status:1403: config.h is unchanged
config.status:1451: executing tests/atconfig commands
config.status:1451: executing depfiles commands
config.status:1451: executing libtool commands
config.status:1451: executing po-directories commands
config.status:1451: executing chmod1 commands
config.status:1451: executing chmod2 commands
config.status:1451: executing chmod3 commands
configure:20292: GnuCOBOL Configuration:
configure:20294:  CC                gcc
configure:20296:  CFLAGS            -O2 -pipe
configure:20298:  COB_CFLAGS        -I/usr/local/include -pipe
configure:20300:  LDFLAGS           
configure:20302:  COB_LDFLAGS       
configure:20308:  COB_LIBS          -L${exec_prefix}/lib -lcob -lm -lgmp -lncurses -ldb
configure:20310:  COB_CONFIG_DIR    ${datarootdir}/gnu-cobol/config
configure:20312:  COB_COPY_DIR      ${datarootdir}/gnu-cobol/copy
configure:20314:  COB_LIBRARY_PATH  ${exec_prefix}/lib/gnu-cobol
configure:20316:  COB_MODULE_EXT    dylib
configure:20318:  COB_OBJECT_EXT    o
configure:20320:  COB_SHARED_OPT    -bundle -flat_namespace -undefined suppress
configure:20322:  COB_PIC_FLAGS     -fno-common -DPIC
configure:20324:  COB_EXPORT_DYN    
configure:20327:  COB_STRIP_CMD     strip -x
configure:20331:  Dynamic loading:                             System
configure:20337:  Use gettext for international messages:      no
configure:20339:  Use fcntl for file locking:                  yes
configure:20351:  Use ncurses/pdcurses/curses for screen I/O:  ncurses
configure:20372:  Use Berkeley DB for ISAM I/O:                yes

## ---------------- ##
## Cache variables. ##
## ---------------- ##

ac_cv_build=x86_64-apple-darwin12.6.0
ac_cv_c_bigendian=no
ac_cv_c_compiler_gnu=yes
ac_cv_c_const=yes
ac_cv_env_CC_set=
ac_cv_env_CC_value=
ac_cv_env_CFLAGS_set=
ac_cv_env_CFLAGS_value=
ac_cv_env_CPPFLAGS_set=
ac_cv_env_CPPFLAGS_value=
ac_cv_env_CPP_set=
ac_cv_env_CPP_value=
ac_cv_env_LDFLAGS_set=
ac_cv_env_LDFLAGS_value=
ac_cv_env_LIBS_set=
ac_cv_env_LIBS_value=
ac_cv_env_LT_SYS_LIBRARY_PATH_set=
ac_cv_env_LT_SYS_LIBRARY_PATH_value=
ac_cv_env_build_alias_set=
ac_cv_env_build_alias_value=
ac_cv_env_host_alias_set=
ac_cv_env_host_alias_value=
ac_cv_env_target_alias_set=
ac_cv_env_target_alias_value=
ac_cv_func__doprnt=no
ac_cv_func_canonicalize_file_name=no
ac_cv_func_fcntl=yes
ac_cv_func_fdatasync=yes
ac_cv_func_getexecname=no
ac_cv_func_gettimeofday=yes
ac_cv_func_localeconv=yes
ac_cv_func_memmove=yes
ac_cv_func_memset=yes
ac_cv_func_raise=yes
ac_cv_func_readlink=yes
ac_cv_func_realpath=yes
ac_cv_func_setenv=yes
ac_cv_func_setlocale=yes
ac_cv_func_sigaction=yes
ac_cv_func_strcasecmp=yes
ac_cv_func_strchr=yes
ac_cv_func_strcoll=yes
ac_cv_func_strdup=yes
ac_cv_func_strerror=yes
ac_cv_func_strrchr=yes
ac_cv_func_strstr=yes
ac_cv_func_strtol=yes
ac_cv_func_strxfrm=yes
ac_cv_func_vprintf=yes
ac_cv_header_db_h=yes
ac_cv_header_dlfcn_h=yes
ac_cv_header_fcntl_h=yes
ac_cv_header_gmp_h=yes
ac_cv_header_inttypes_h=yes
ac_cv_header_locale_h=yes
ac_cv_header_malloc_h=no
ac_cv_header_memory_h=yes
ac_cv_header_minix_config_h=no
ac_cv_header_ncurses_h=yes
ac_cv_header_signal_h=yes
ac_cv_header_stdc=yes
ac_cv_header_stddef_h=yes
ac_cv_header_stdint_h=yes
ac_cv_header_stdlib_h=yes
ac_cv_header_string_h=yes
ac_cv_header_strings_h=yes
ac_cv_header_sys_stat_h=yes
ac_cv_header_sys_time_h=yes
ac_cv_header_sys_types_h=yes
ac_cv_header_unistd_h=yes
ac_cv_header_wchar_h=yes
ac_cv_host=x86_64-apple-darwin12.6.0
ac_cv_lib_c_dladdr=yes
ac_cv_lib_c_dlopen=yes
ac_cv_lib_dl_dlopen=yes
ac_cv_lib_gmp___gmp_get_memory_functions=yes
ac_cv_lib_gmp___gmpz_init=yes
ac_cv_lib_ncurses_initscr=yes
ac_cv_lib_ncursesw_initscr=no
ac_cv_objext=o
ac_cv_path_EGREP='/usr/bin/grep -E'
ac_cv_path_FGREP='/usr/bin/grep -F'
ac_cv_path_GMSGFMT=/opt/local/bin/msgfmt
ac_cv_path_GREP=/usr/bin/grep
ac_cv_path_MSGFMT=/opt/local/bin/msgfmt
ac_cv_path_MSGMERGE=/opt/local/bin/msgmerge
ac_cv_path_SED=/usr/bin/sed
ac_cv_path_XGETTEXT=/opt/local/bin/xgettext
ac_cv_path_install='/usr/bin/install -c'
ac_cv_path_lt_DD=/bin/dd
ac_cv_prog_AWK=awk
ac_cv_prog_CPP='gcc -E'
ac_cv_prog_ac_ct_AR=ar
ac_cv_prog_ac_ct_CC=gcc
ac_cv_prog_ac_ct_DSYMUTIL=dsymutil
ac_cv_prog_ac_ct_LIPO=lipo
ac_cv_prog_ac_ct_NMEDIT=nmedit
ac_cv_prog_ac_ct_OTOOL=otool
ac_cv_prog_ac_ct_RANLIB=ranlib
ac_cv_prog_ac_ct_STRIP=strip
ac_cv_prog_cc_c89=
ac_cv_prog_cc_c99=
ac_cv_prog_cc_g=yes
ac_cv_prog_cc_gcc_c_o=yes
ac_cv_prog_cc_stdc=
ac_cv_prog_make_make_set=yes
ac_cv_safe_to_define___extensions__=yes
ac_cv_struct_tm=time.h
ac_cv_type_sig_atomic_t=yes
ac_cv_type_size_t=yes
acl_cv_hardcode_direct=no
acl_cv_hardcode_libdir_flag_spec=
acl_cv_hardcode_libdir_separator=
acl_cv_hardcode_minus_L=no
acl_cv_libext=a
acl_cv_libname_spec='lib$name'
acl_cv_library_names_spec='$libname$shrext'
acl_cv_path_LD=/Applications/Xcode.app/Contents/Developer/Toolchains/XcodeDefault.xctoolchain/usr/bin/ld
acl_cv_prog_gnu_ld=no
acl_cv_rpath=done
acl_cv_shlibext=dylib
acl_cv_wl=-Wl,
am_cv_CC_dependencies_compiler_type=gcc3
am_cv_func_iconv=yes
am_cv_func_iconv_works=yes
am_cv_langinfo_codeset=yes
am_cv_lib_iconv=yes
am_cv_make_support_nested_variables=yes
gt_cv_func_CFLocaleCopyCurrent=yes
gt_cv_func_CFPreferencesCopyAppValue=yes
gt_cv_func_gnugettext1_libc=no
gt_cv_func_gnugettext1_libintl=no
lt_cv_apple_cc_single_mod=yes
lt_cv_ar_at_file=no
lt_cv_deplibs_check_method=pass_all
lt_cv_dlopen=dlopen
lt_cv_dlopen_libs=-ldl
lt_cv_dlopen_self=yes
lt_cv_dlopen_self_static=yes
lt_cv_file_magic_cmd='$MAGIC_CMD'
lt_cv_file_magic_test_file=
lt_cv_ld_exported_symbols_list=yes
lt_cv_ld_force_load=yes
lt_cv_ld_reload_flag=-r
lt_cv_nm_interface='BSD nm'
lt_cv_objdir=.libs
lt_cv_path_LD=/Applications/Xcode.app/Contents/Developer/Toolchains/XcodeDefault.xctoolchain/usr/bin/ld
lt_cv_path_NM=/usr/bin/nm
lt_cv_path_mainfest_tool=no
lt_cv_prog_compiler_c_o=yes
lt_cv_prog_compiler_pic='-fno-common -DPIC'
lt_cv_prog_compiler_pic_works=yes
lt_cv_prog_compiler_rtti_exceptions=yes
lt_cv_prog_compiler_static_works=no
lt_cv_prog_gnu_ld=no
lt_cv_sharedlib_from_linklib_cmd='printf %s\n'
lt_cv_sys_global_symbol_pipe='sed -n -e '\''s/^.*[	 ]\([BCDEGRST][BCDEGRST]*\)[	 ][	 ]*_\([_A-Za-z][_A-Za-z0-9]*\)$/\1 _\2 \2/p'\'' | sed '\''/ __gnu_lto/d'\'''
lt_cv_sys_global_symbol_to_c_name_address='sed -n -e '\''s/^: \(.*\) .*$/  {"\1", (void *) 0},/p'\'' -e '\''s/^[BCDEGRST][BCDEGRST]* .* \(.*\)$/  {"\1", (void *) \&\1},/p'\'''
lt_cv_sys_global_symbol_to_c_name_address_lib_prefix='sed -n -e '\''s/^: \(.*\) .*$/  {"\1", (void *) 0},/p'\'' -e '\''s/^[BCDEGRST][BCDEGRST]* .* \(lib.*\)$/  {"\1", (void *) \&\1},/p'\'' -e '\''s/^[BCDEGRST][BCDEGRST]* .* \(.*\)$/  {"lib\1", (void *) \&\1},/p'\'''
lt_cv_sys_global_symbol_to_cdecl='sed -n -e '\''s/^T .* \(.*\)$/extern int \1();/p'\'' -e '\''s/^[BCDEGRST][BCDEGRST]* .* \(.*\)$/extern char \1;/p'\'''
lt_cv_sys_global_symbol_to_import=
lt_cv_sys_max_cmd_len=196608
lt_cv_to_host_file_cmd=func_convert_file_noop
lt_cv_to_tool_file_cmd=func_convert_file_noop
lt_cv_truncate_bin='/bin/dd bs=4096 count=1'

## ----------------- ##
## Output variables. ##
## ----------------- ##

ACLOCAL='${SHELL} /Users/Frank/open-cobol-code-990-branches-gnu-cobol-2.0/build_aux/missing aclocal-1.13'
AMDEPBACKSLASH='\'
AMDEP_FALSE='#'
AMDEP_TRUE=''
AMTAR='$${TAR-tar}'
AM_BACKSLASH='\'
AM_DEFAULT_V='$(AM_DEFAULT_VERBOSITY)'
AM_DEFAULT_VERBOSITY='1'
AM_V='$(V)'
AR='ar'
AS='as'
AUTOCONF='${SHELL} /Users/Frank/open-cobol-code-990-branches-gnu-cobol-2.0/build_aux/missing autoconf'
AUTOHEADER='${SHELL} /Users/Frank/open-cobol-code-990-branches-gnu-cobol-2.0/build_aux/missing autoheader'
AUTOMAKE='${SHELL} /Users/Frank/open-cobol-code-990-branches-gnu-cobol-2.0/build_aux/missing automake-1.13'
AWK='awk'
CC='gcc'
CCDEPMODE='depmode=gcc3'
CFLAGS='-O2 -pipe'
COBC_LIBS=''
COB_BIGENDIAN='no'
COB_CC='gcc'
COB_CFLAGS='-I/usr/local/include -pipe'
COB_CONFIG_DIR='${datarootdir}/gnu-cobol/config'
COB_COPY_DIR='${datarootdir}/gnu-cobol/copy'
COB_EXPORT_DYN=''
COB_FIX_LIB=''
COB_FIX_LIBTOOL=''
COB_HAS_CURSES='yes'
COB_HAS_ISAM='yes'
COB_HAS_UTC_OFFSET='yes'
COB_KEYWORD_INLINE=''
COB_LDFLAGS=''
COB_LIBRARY_PATH='${exec_prefix}/lib/gnu-cobol'
COB_LIBS='-L${exec_prefix}/lib -lcob -lm -lgmp -lncurses -ldb'
COB_MAKE_IX_FALSE='#'
COB_MAKE_IX_TRUE=''
COB_MODULE_EXT='dylib'
COB_OBJECT_EXT='o'
COB_PATCH_LEVEL='0'
COB_PIC_FLAGS='-fno-common -DPIC'
COB_SHARED_OPT='-bundle -flat_namespace -undefined suppress'
CPP='gcc -E'
CPPFLAGS=''
CYGPATH_W='echo'
DEFS='-DHAVE_CONFIG_H'
DEPDIR='.deps'
DLLTOOL='false'
DSYMUTIL='dsymutil'
DUMPBIN=''
ECHO_C='\c'
ECHO_N=''
ECHO_T=''
EGREP='/usr/bin/grep -E'
EXEEXT=''
FGREP='/usr/bin/grep -F'
GETTEXT_MACRO_VERSION='0.19'
GMSGFMT='/opt/local/bin/msgfmt'
GMSGFMT_015='/opt/local/bin/msgfmt'
GREP='/usr/bin/grep'
INSTALL_DATA='${INSTALL} -m 644'
INSTALL_PROGRAM='${INSTALL}'
INSTALL_SCRIPT='${INSTALL}'
INSTALL_STRIP_PROGRAM='$(install_sh) -c -s'
INTLLIBS=''
INTL_MACOSX_LIBS='-Wl,-framework -Wl,CoreFoundation'
LD='/Applications/Xcode.app/Contents/Developer/Toolchains/XcodeDefault.xctoolchain/usr/bin/ld'
LDFLAGS=''
LIBCOB_LIBS='-lm -lgmp -lncurses -ldb'
LIBICONV='-liconv'
LIBINTL=''
LIBOBJS=''
LIBS=''
LIBTOOL='$(SHELL) $(top_builddir)/libtool'
LIPO='lipo'
LN_S='ln -s'
LTLIBICONV='-liconv'
LTLIBINTL=''
LTLIBOBJS=''
LT_SYS_LIBRARY_PATH=''
MAINT='#'
MAINTAINER_MODE_FALSE=''
MAINTAINER_MODE_TRUE='#'
MAKEINFO='${SHELL} /Users/Frank/open-cobol-code-990-branches-gnu-cobol-2.0/build_aux/missing makeinfo'
MANIFEST_TOOL=':'
MKDIR_P='build_aux/install-sh -c -d'
MSGFMT='/opt/local/bin/msgfmt'
MSGFMT_015='/opt/local/bin/msgfmt'
MSGMERGE='/opt/local/bin/msgmerge'
NM='/usr/bin/nm'
NMEDIT='nmedit'
OBJDUMP='false'
OBJEXT='o'
OTOOL64=':'
OTOOL='otool'
PACKAGE='gnu-cobol'
PACKAGE_BUGREPORT='open-cobol-list@lists.sourceforge.net'
PACKAGE_NAME='GnuCOBOL'
PACKAGE_STRING='GnuCOBOL 2.0'
PACKAGE_TARNAME='gnu-cobol'
PACKAGE_URL='http://www.opencobol.org'
PACKAGE_VERSION='2.0'
PATH_SEPARATOR=':'
POSUB=''
RANLIB='ranlib'
SED='/usr/bin/sed'
SET_MAKE=''
SHELL='/bin/sh'
STRIP='strip'
USE_NLS='no'
VERSION='2.0'
XGETTEXT='/opt/local/bin/xgettext'
XGETTEXT_015='/opt/local/bin/xgettext'
XGETTEXT_EXTRA_OPTIONS=''
ac_ct_AR='ar'
ac_ct_CC='gcc'
ac_ct_DUMPBIN=''
am__EXEEXT_FALSE=''
am__EXEEXT_TRUE='#'
am__fastdepCC_FALSE='#'
am__fastdepCC_TRUE=''
am__include='include'
am__isrc=''
am__leading_dot='.'
am__nodep='_no'
am__quote=''
am__tar='$${TAR-tar} chof - "$$tardir"'
am__untar='$${TAR-tar} xf -'
bindir='${exec_prefix}/bin'
build='x86_64-apple-darwin12.6.0'
build_alias=''
build_cpu='x86_64'
build_os='darwin12.6.0'
build_vendor='apple'
datadir='${datarootdir}'
datarootdir='${prefix}/share'
docdir='${datarootdir}/doc/${PACKAGE_TARNAME}'
dvidir='${docdir}'
exec_prefix='${prefix}'
host='x86_64-apple-darwin12.6.0'
host_alias=''
host_cpu='x86_64'
host_os='darwin12.6.0'
host_vendor='apple'
htmldir='${docdir}'
includedir='${prefix}/include'
infodir='${datarootdir}/info'
install_sh='${SHELL} /Users/Frank/open-cobol-code-990-branches-gnu-cobol-2.0/build_aux/install-sh'
libdir='${exec_prefix}/lib'
libexecdir='${exec_prefix}/libexec'
localedir='${datarootdir}/locale'
localstatedir='${prefix}/var'
mandir='${datarootdir}/man'
mkdir_p='$(MKDIR_P)'
oldincludedir='/usr/include'
pdfdir='${docdir}'
prefix='/usr/local'
program_transform_name='s,x,x,'
psdir='${docdir}'
sbindir='${exec_prefix}/sbin'
sharedstatedir='${prefix}/com'
sysconfdir='${prefix}/etc'
target_alias=''

## ----------- ##
## confdefs.h. ##
## ----------- ##

/* confdefs.h */
#define PACKAGE_NAME "GnuCOBOL"
#define PACKAGE_TARNAME "gnu-cobol"
#define PACKAGE_VERSION "2.0"
#define PACKAGE_STRING "GnuCOBOL 2.0"
#define PACKAGE_BUGREPORT "open-cobol-list@lists.sourceforge.net"
#define PACKAGE_URL "http://www.opencobol.org"
#define PACKAGE "gnu-cobol"
#define VERSION "2.0"
#define STDC_HEADERS 1
#define HAVE_SYS_TYPES_H 1
#define HAVE_SYS_STAT_H 1
#define HAVE_STDLIB_H 1
#define HAVE_STRING_H 1
#define HAVE_MEMORY_H 1
#define HAVE_STRINGS_H 1
#define HAVE_INTTYPES_H 1
#define HAVE_STDINT_H 1
#define HAVE_UNISTD_H 1
#define __EXTENSIONS__ 1
#define _ALL_SOURCE 1
#define _GNU_SOURCE 1
#define _POSIX_PTHREAD_SEMANTICS 1
#define _TANDEM_SOURCE 1
#define HAVE_DLFCN_H 1
#define LT_OBJDIR ".libs/"
#define STDC_HEADERS 1
#define HAVE_STDINT_H 1
#define HAVE_SYS_TYPES_H 1
#define HAVE_SIGNAL_H 1
#define HAVE_FCNTL_H 1
#define HAVE_LOCALE_H 1
#define HAVE_STDDEF_H 1
#define HAVE_WCHAR_H 1
#define HAVE_DLFCN_H 1
#define HAVE_SYS_TIME_H 1
#define HAVE_SIG_ATOMIC_T 1
#define COB_KEYWORD_INLINE __inline
#define HAVE_VPRINTF 1
#define HAVE_MEMMOVE 1
#define HAVE_MEMSET 1
#define HAVE_SETLOCALE 1
#define HAVE_FCNTL 1
#define HAVE_STRERROR 1
#define HAVE_STRCASECMP 1
#define HAVE_STRCHR 1
#define HAVE_STRRCHR 1
#define HAVE_STRDUP 1
#define HAVE_STRSTR 1
#define HAVE_STRTOL 1
#define HAVE_GETTIMEOFDAY 1
#define HAVE_LOCALECONV 1
#define HAVE_READLINK 1
#define HAVE_REALPATH 1
#define HAVE_STRCOLL 1
#define HAVE_STRXFRM 1
#define HAVE_SETENV 1
#define HAVE_RAISE 1
#define HAVE_TIMEZONE 1
#define HAVE_DESIGNATED_INITS 1
#define PATCH_LEVEL 0
#define WITH_VARSEQ 0
#define HAVE_GMP_H 1
#define HAVE_MP_GET_MEMORY_FUNCTIONS 1
#define HAVE_NANO_SLEEP 1
#define HAVE_FDATASYNC 1
#define HAVE_SIGACTION 1
#define HAVE_CFPREFERENCESCOPYAPPVALUE 1
#define HAVE_CFLOCALECOPYCURRENT 1
#define HAVE_ICONV 1
#define HAVE_LANGINFO_CODESET 1
#define HAVE_LIBNCURSES 1
#define HAVE_NCURSES_H 1
#define WITH_CURSES "ncurses"
#define HAVE_CURSES_FREEALL 1
#define HAVE_USE_LEGACY_CODING 1
#define HAVE_COLOR_SET 1
#define HAVE_DB_H 1
#define WITH_DB 1
#define USE_LIBDL 1
#define HAVE_DLADDR 1
#define COB_STRFTIME 1
#define COB_LI_IS_LL 1
#define HAVE_PSIGN_OPT 1
#define HAVE_ATTRIBUTE_ALIGNED 1
#define COB_EXPORT_DYN ""
#define COB_PIC_FLAGS "-fno-common -DPIC"
#define COB_SHARED_OPT "-bundle -flat_namespace -undefined suppress"
#define COB_EXEEXT ""
#define COB_STRIP_CMD "strip -x"

configure: exit 0
